Using pre-set license
Built from '2022.3/staging' branch; Version is '2022.3.6f1 (b9e6e7e9fa2d) revision 12183271'; Using compiler version '192829333'; Build Type 'Release'
OS: 'Windows 11  (10.0.22631) 64bit Professional' Language: 'es' Physical Memory: 32713 MB
BatchMode: 1, IsHumanControllingUs: 0, StartBugReporterOnCrash: 0, Is64bit: 1, IsPro: 1

COMMAND LINE ARGUMENTS:
J:\Program Files\Unity Hub\Editor\2022.3.6f1\Editor\Unity.exe
-adb2
-batchMode
-noUpm
-name
AssetImportWorker1
-projectPath
E:/Unity Projects/LugaBar 2.0
-logFile
Logs/AssetImportWorker1.log
-srvPort
50105
Successfully changed project path to: E:/Unity Projects/LugaBar 2.0
E:/Unity Projects/LugaBar 2.0
[UnityMemory] Configuration Parameters - Can be set up in boot.config
    "memorysetup-bucket-allocator-granularity=16"
    "memorysetup-bucket-allocator-bucket-count=8"
    "memorysetup-bucket-allocator-block-size=33554432"
    "memorysetup-bucket-allocator-block-count=8"
    "memorysetup-main-allocator-block-size=16777216"
    "memorysetup-thread-allocator-block-size=16777216"
    "memorysetup-gfx-main-allocator-block-size=16777216"
    "memorysetup-gfx-thread-allocator-block-size=16777216"
    "memorysetup-cache-allocator-block-size=4194304"
    "memorysetup-typetree-allocator-block-size=2097152"
    "memorysetup-profiler-bucket-allocator-granularity=16"
    "memorysetup-profiler-bucket-allocator-bucket-count=8"
    "memorysetup-profiler-bucket-allocator-block-size=33554432"
    "memorysetup-profiler-bucket-allocator-block-count=8"
    "memorysetup-profiler-allocator-block-size=16777216"
    "memorysetup-profiler-editor-allocator-block-size=1048576"
    "memorysetup-temp-allocator-size-main=16777216"
    "memorysetup-job-temp-allocator-block-size=2097152"
    "memorysetup-job-temp-allocator-block-size-background=1048576"
    "memorysetup-job-temp-allocator-reduction-small-platforms=262144"
    "memorysetup-allocator-temp-initial-block-size-main=262144"
    "memorysetup-allocator-temp-initial-block-size-worker=262144"
    "memorysetup-temp-allocator-size-background-worker=32768"
    "memorysetup-temp-allocator-size-job-worker=262144"
    "memorysetup-temp-allocator-size-preload-manager=33554432"
    "memorysetup-temp-allocator-size-nav-mesh-worker=65536"
    "memorysetup-temp-allocator-size-audio-worker=65536"
    "memorysetup-temp-allocator-size-cloud-worker=32768"
    "memorysetup-temp-allocator-size-gi-baking-worker=262144"
    "memorysetup-temp-allocator-size-gfx=262144"
Player connection [29780] Host "[IP] 192.168.0.4 [Port] 0 [Flags] 2 [Guid] 3612134178 [EditorId] 3612134178 [Version] 1048832 [Id] WindowsEditor(7,Richard) [Debug] 1 [PackageName] WindowsEditor [ProjectName] Editor" joined multi-casting on [225.0.0.222:54997]...

Player connection [29780] Host "[IP] 192.168.0.4 [Port] 0 [Flags] 2 [Guid] 3612134178 [EditorId] 3612134178 [Version] 1048832 [Id] WindowsEditor(7,Richard) [Debug] 1 [PackageName] WindowsEditor [ProjectName] Editor" joined alternative multi-casting on [225.0.0.222:34997]...

Refreshing native plugins compatible for Editor in 39.35 ms, found 28 plugins.
Preloading 2 native plugins for Editor in 1.17 ms.
Initialize engine version: 2022.3.6f1 (b9e6e7e9fa2d)
[Subsystems] Discovering subsystems at path J:/Program Files/Unity Hub/Editor/2022.3.6f1/Editor/Data/Resources/UnitySubsystems
[Subsystems] Discovering subsystems at path E:/Unity Projects/LugaBar 2.0/Assets
GfxDevice: creating device client; threaded=0; jobified=0
Direct3D:
    Version:  Direct3D 11.0 [level 11.1]
    Renderer: NVIDIA GeForce RTX 4070 SUPER (ID=0x2783)
    Vendor:   NVIDIA
    VRAM:     11999 MB
    Driver:   31.0.15.5212
Initialize mono
Mono path[0] = 'J:/Program Files/Unity Hub/Editor/2022.3.6f1/Editor/Data/Managed'
Mono path[1] = 'J:/Program Files/Unity Hub/Editor/2022.3.6f1/Editor/Data/MonoBleedingEdge/lib/mono/unityjit-win32'
Mono config path = 'J:/Program Files/Unity Hub/Editor/2022.3.6f1/Editor/Data/MonoBleedingEdge/etc'
Using monoOptions --debugger-agent=transport=dt_socket,embedding=1,server=y,suspend=n,address=127.0.0.1:56600
Begin MonoManager ReloadAssembly
Registering precompiled unity dll's ...
Register platform support module: J:/Program Files/Unity Hub/Editor/2022.3.6f1/Editor/Data/PlaybackEngines/AndroidPlayer/UnityEditor.Android.Extensions.dll
Register platform support module: J:/Program Files/Unity Hub/Editor/2022.3.6f1/Editor/Data/PlaybackEngines/WindowsStandaloneSupport/UnityEditor.WindowsStandalone.Extensions.dll
Registered in 0.005376 seconds.
- Loaded All Assemblies, in  0.366 seconds
Native extension for WindowsStandalone target not found
Native extension for Android target not found
Mono: successfully reloaded assembly
- Finished resetting the current domain, in  0.335 seconds
Domain Reload Profiling: 701ms
	BeginReloadAssembly (109ms)
		ExecutionOrderSort (0ms)
		DisableScriptedObjects (0ms)
		BackupInstance (0ms)
		ReleaseScriptingObjects (0ms)
		CreateAndSetChildDomain (1ms)
	RebuildCommonClasses (38ms)
	RebuildNativeTypeToScriptingClass (11ms)
	initialDomainReloadingComplete (51ms)
	LoadAllAssembliesAndSetupDomain (156ms)
		LoadAssemblies (110ms)
		RebuildTransferFunctionScriptingTraits (0ms)
		AnalyzeDomain (151ms)
			TypeCache.Refresh (151ms)
				TypeCache.ScanAssembly (138ms)
			ScanForSourceGeneratedMonoScriptInfo (0ms)
			ResolveRequiredComponents (0ms)
	FinalizeReload (335ms)
		ReleaseScriptCaches (0ms)
		RebuildScriptCaches (0ms)
		SetupLoadedEditorAssemblies (275ms)
			LogAssemblyErrors (0ms)
			InitializePlatformSupportModulesInManaged (102ms)
			SetLoadedEditorAssemblies (4ms)
			RefreshPlugins (0ms)
			BeforeProcessingInitializeOnLoad (2ms)
			ProcessInitializeOnLoadAttributes (112ms)
			ProcessInitializeOnLoadMethodAttributes (55ms)
			AfterProcessingInitializeOnLoad (0ms)
			EditorAssembliesLoaded (0ms)
		ExecutionOrderSort2 (0ms)
		AwakeInstancesAfterBackupRestoration (0ms)
========================================================================
Worker process is ready to serve import requests
Begin MonoManager ReloadAssembly
- Loaded All Assemblies, in  1.067 seconds
Refreshing native plugins compatible for Editor in 12.22 ms, found 28 plugins.
Native extension for WindowsStandalone target not found
Native extension for Android target not found
Package Manager log level set to [2]
[Package Manager] Server::EnsureServerProcessIsRunning -- launch failed, reason: Unity was launched with the -noUpm command-line argument
[Package Manager] UpmClient::Send -- Unable to send message (not connected to UPM process).
[Package Manager] Cannot connect to Unity Package Manager local server
System.ArgumentNullException: Value cannot be null.
Parameter name: path
  at System.IO.Directory.CreateDirectory (System.String path) [0x00003] in <eef08f56e2e042f1b3027eca477293d9>:0 
  at VRC.SDKBase.Editor.VRCPackageSettings.EnsurePathExists () [0x0000b] in .\Packages\com.vrchat.base\Editor\VRCSDK\Dependencies\VRChat\VRCPackageSettings.cs:45 
  at VRC.SDKBase.Editor.VRCPackageSettings.Load () [0x00000] in .\Packages\com.vrchat.base\Editor\VRCSDK\Dependencies\VRChat\VRCPackageSettings.cs:50 
  at VRC.SDKBase.Editor.VRCPackageSettings.Create () [0x00005] in .\Packages\com.vrchat.base\Editor\VRCSDK\Dependencies\VRChat\VRCPackageSettings.cs:19 
  at VRC.SDKBase.Editor.SampleHintCreator..cctor () [0x00007] in .\Packages\com.vrchat.base\Editor\VRCSDK\SampleHintCreator.cs:18 
UnityEngine.StackTraceUtility:ExtractStackTrace ()
UnityEngine.DebugLogHandler:LogFormat (UnityEngine.LogType,UnityEngine.Object,string,object[])
UnityEngine.Logger:Log (UnityEngine.LogType,object)
UnityEngine.Debug:LogError (object)
UnityEditor.EditorAssemblies:ProcessInitializeOnLoadAttributes (System.Type[])

[Package Manager] Server::EnsureServerProcessIsRunning -- launch failed, reason: Unity was launched with the -noUpm command-line argument
[Package Manager] UpmClient::Send -- Unable to send message (not connected to UPM process).
[Package Manager] Cannot connect to Unity Package Manager local server
System.Reflection.TargetInvocationException: Exception has been thrown by the target of an invocation. ---> System.NullReferenceException: Object reference not set to an instance of an object
  at Unity.XR.Oculus.OculusLoader.AssetPathToAbsolutePath (System.String assetPath) [0x00040] in .\Library\PackageCache\com.unity.xr.oculus@4.0.0\Runtime\OculusLoader.cs:282 
  at Unity.XR.Oculus.OculusLoader.EditorLoadOVRPlugin () [0x0007b] in .\Library\PackageCache\com.unity.xr.oculus@4.0.0\Runtime\OculusLoader.cs:267 
  at (wrapper managed-to-native) System.Reflection.RuntimeMethodInfo.InternalInvoke(System.Reflection.RuntimeMethodInfo,object,object[],System.Exception&)
  at System.Reflection.RuntimeMethodInfo.Invoke (System.Object obj, System.Reflection.BindingFlags invokeAttr, System.Reflection.Binder binder, System.Object[] parameters, System.Globalization.CultureInfo culture) [0x0006a] in <eef08f56e2e042f1b3027eca477293d9>:0 
   --- End of inner exception stack trace ---
  at System.Reflection.RuntimeMethodInfo.Invoke (System.Object obj, System.Reflection.BindingFlags invokeAttr, System.Reflection.Binder binder, System.Object[] parameters, System.Globalization.CultureInfo culture) [0x00083] in <eef08f56e2e042f1b3027eca477293d9>:0 
  at System.Reflection.MethodBase.Invoke (System.Object obj, System.Object[] parameters) [0x00000] in <eef08f56e2e042f1b3027eca477293d9>:0 
  at UnityEditor.EditorAssemblies.ProcessInitializeOnLoadMethodAttributes () [0x000a5] in <347e3e2bef8c4deb82c9790c6e198135>:0 
UnityEngine.StackTraceUtility:ExtractStackTrace ()
UnityEngine.DebugLogHandler:LogFormat (UnityEngine.LogType,UnityEngine.Object,string,object[])
UnityEngine.Logger:Log (UnityEngine.LogType,object)
UnityEngine.Debug:LogError (object)
UnityEditor.EditorAssemblies:ProcessInitializeOnLoadMethodAttributes ()

Mono: successfully reloaded assembly
[Package Manager] Server::EnsureServerProcessIsRunning -- launch failed, reason: Unity was launched with the -noUpm command-line argument
[Package Manager] UpmClient::Send -- Unable to send message (not connected to UPM process).
[Package Manager] Cannot connect to Unity Package Manager local server
[Package Manager] Server::EnsureServerProcessIsRunning -- launch failed, reason: Unity was launched with the -noUpm command-line argument
[Package Manager] UpmClient::Send -- Unable to send message (not connected to UPM process).
[Package Manager] Cannot connect to Unity Package Manager local server
- Finished resetting the current domain, in  2.523 seconds
Domain Reload Profiling: 3588ms
	BeginReloadAssembly (181ms)
		ExecutionOrderSort (0ms)
		DisableScriptedObjects (6ms)
		BackupInstance (0ms)
		ReleaseScriptingObjects (0ms)
		CreateAndSetChildDomain (25ms)
	RebuildCommonClasses (46ms)
	RebuildNativeTypeToScriptingClass (13ms)
	initialDomainReloadingComplete (43ms)
	LoadAllAssembliesAndSetupDomain (781ms)
		LoadAssemblies (456ms)
		RebuildTransferFunctionScriptingTraits (0ms)
		AnalyzeDomain (433ms)
			TypeCache.Refresh (398ms)
				TypeCache.ScanAssembly (382ms)
			ScanForSourceGeneratedMonoScriptInfo (25ms)
			ResolveRequiredComponents (10ms)
	FinalizeReload (2523ms)
		ReleaseScriptCaches (0ms)
		RebuildScriptCaches (0ms)
		SetupLoadedEditorAssemblies (1266ms)
			LogAssemblyErrors (0ms)
			InitializePlatformSupportModulesInManaged (20ms)
			SetLoadedEditorAssemblies (5ms)
			RefreshPlugins (0ms)
			BeforeProcessingInitializeOnLoad (65ms)
			ProcessInitializeOnLoadAttributes (722ms)
			ProcessInitializeOnLoadMethodAttributes (451ms)
			AfterProcessingInitializeOnLoad (3ms)
			EditorAssembliesLoaded (0ms)
		ExecutionOrderSort2 (0ms)
		AwakeInstancesAfterBackupRestoration (8ms)
Launched and connected shader compiler UnityShaderCompiler.exe after 0.07 seconds
Refreshing native plugins compatible for Editor in 20.73 ms, found 28 plugins.
Preloading 2 native plugins for Editor in 0.09 ms.
Unloading 4594 Unused Serialized files (Serialized files now loaded: 0)
Unloading 372 unused Assets / (3.0 MB). Loaded Objects now: 5050.
Memory consumption went from 254.4 MB to 251.4 MB.
Total: 53.112800 ms (FindLiveObjects: 0.767600 ms CreateObjectMapping: 0.594200 ms MarkObjects: 38.018400 ms  DeleteObjects: 13.730900 ms)

AssetImportParameters requested are different than current active one (requested -> active):
  custom:container-demuxer-ogg: 62fdf1f143b41e24485cea50d1cbac27 -> 
  custom:video-codec-MediaFoundation-h265: 746d11721c4dcdbdad8f713fa42b33f4 -> 
  custom:video-decoder-ogg-theora: a1e56fd34408186e4bbccfd4996cb3dc -> 
  custom:framework-win-MediaFoundation: 216162199b28c13a410421893ffa2e32 -> 
  custom:CustomObjectIndexerAttribute: 756ad292c208cfabdd7b50bc23989ffe -> 
  custom:container-demuxer-webm: 4f35f7cbe854078d1ac9338744f61a02 -> 
  custom:container-muxer-webm: aa71ff27fc2769a1b78a27578f13a17b -> 
  custom:video-decoder-webm-vp8: 9c59270c3fd7afecdb556c50c9e8de78 -> 
  custom:SearchIndexIgnoredProperties: e643bd26f0fe6173181afceb89e7c659 -> 
  custom:AudioImporter_EditorPlatform: d09bf68614088b80899f8185d706f6e7 -> 
  custom:video-encoder-webm-vp8: eb34c28f22e8b96e1ab97ce403110664 -> 
  custom:audio-decoder-ogg-vorbis: bf7c407c2cedff20999df2af8eb42d56 -> 
  custom:audio-encoder-webm-vorbis: bf7c407c2cedff20999df2af8eb42d56 -> 
========================================================================
Received Import Request.
  Time since last request: 590552.598343 seconds.
  path: Assets/!cumple/cake
  artifactKey: Guid(d624da105339eb142a5ac16ba5eb9b3e) Importer(815301076,1909f56bfc062723c751e8b465ee728b)
Start importing Assets/!cumple/cake using Guid(d624da105339eb142a5ac16ba5eb9b3e) Importer(815301076,1909f56bfc062723c751e8b465ee728b)  -> (artifact id: 'f85b3fe9fe49bb0e0dc16af33191a3d9') in 0.003330 seconds
Number of updated asset objects reloaded before import = 0
Number of asset objects unloaded after import = 0
========================================================================
Received Import Request.
  Time since last request: 38.656292 seconds.
  path: Assets/!cumple/cake/R_8b045955f03c4e17acdce756f1bd3d35_T_StrawberryCake_R.jpeg
  artifactKey: Guid(d0ccee47e57dc2841a5d425badb1a9f0) Importer(815301076,1909f56bfc062723c751e8b465ee728b)
Start importing Assets/!cumple/cake/R_8b045955f03c4e17acdce756f1bd3d35_T_StrawberryCake_R.jpeg using Guid(d0ccee47e57dc2841a5d425badb1a9f0) Importer(815301076,1909f56bfc062723c751e8b465ee728b)  -> (artifact id: '0a2cfcaba28231ff3e730f8e2d6886b8') in 0.305244 seconds
Number of updated asset objects reloaded before import = 0
Number of asset objects unloaded after import = 2
========================================================================
Received Import Request.
  Time since last request: 0.000027 seconds.
  path: Assets/!cumple/cake/RGB_94f85a42bdda41c5a65ab468904d5bbf_T_StrawberryCake_C.png
  artifactKey: Guid(55f894379f116f148b44a21e696098f5) Importer(815301076,1909f56bfc062723c751e8b465ee728b)
Start importing Assets/!cumple/cake/RGB_94f85a42bdda41c5a65ab468904d5bbf_T_StrawberryCake_C.png using Guid(55f894379f116f148b44a21e696098f5) Importer(815301076,1909f56bfc062723c751e8b465ee728b)  -> (artifact id: '67f5aa4a4608c78fd3416c24c01cf974') in 0.013964 seconds
Number of updated asset objects reloaded before import = 0
Number of asset objects unloaded after import = 2
========================================================================
Received Import Request.
  Time since last request: 265.056221 seconds.
  path: Assets/!cumple/Candel prefab/Candle unity.mat
  artifactKey: Guid(3ad417c5f6604874e8d0bdc5399cb324) Importer(815301076,1909f56bfc062723c751e8b465ee728b)
Start importing Assets/!cumple/Candel prefab/Candle unity.mat using Guid(3ad417c5f6604874e8d0bdc5399cb324) Importer(815301076,1909f56bfc062723c751e8b465ee728b)  -> (artifact id: 'e2be125d862c178a7b9e1df92370542b') in 0.291957 seconds
Number of updated asset objects reloaded before import = 0
Number of asset objects unloaded after import = 5
========================================================================
Received Import Request.
  Time since last request: 2.282136 seconds.
  path: Assets/!cumple/Candel prefab/prefab/CandleFlame.prefab
  artifactKey: Guid(b2e38b5f037aaa54b854017c8fe41520) Importer(815301076,1909f56bfc062723c751e8b465ee728b)
Start importing Assets/!cumple/Candel prefab/prefab/CandleFlame.prefab using Guid(b2e38b5f037aaa54b854017c8fe41520) Importer(815301076,1909f56bfc062723c751e8b465ee728b)  -> (artifact id: 'c8acd19e5f1fb64e57b9d588fd235ce3') in 0.101069 seconds
Number of updated asset objects reloaded before import = 0
Number of asset objects unloaded after import = 8
========================================================================
Received Import Request.
  Time since last request: 0.000016 seconds.
  path: Assets/!cumple/Candel prefab/prefab/light.prefab
  artifactKey: Guid(9adcabdd995f7d5419a45bb825d44b6c) Importer(815301076,1909f56bfc062723c751e8b465ee728b)
Start importing Assets/!cumple/Candel prefab/prefab/light.prefab using Guid(9adcabdd995f7d5419a45bb825d44b6c) Importer(815301076,1909f56bfc062723c751e8b465ee728b)  -> (artifact id: '740f102a5123c0887019b7031787b06a') in 0.001903 seconds
Number of updated asset objects reloaded before import = 0
Number of asset objects unloaded after import = 5
========================================================================
Received Import Request.
  Time since last request: 603.618186 seconds.
  path: Assets/!cumple/01- Cake/0_cake_normal.jpeg
  artifactKey: Guid(9e90b0e4ad02c764bba4740ad6cc0c9e) Importer(815301076,1909f56bfc062723c751e8b465ee728b)
Start importing Assets/!cumple/01- Cake/0_cake_normal.jpeg using Guid(9e90b0e4ad02c764bba4740ad6cc0c9e) Importer(815301076,1909f56bfc062723c751e8b465ee728b)  -> (artifact id: '45f5d45438f70a88574f31b077b43c3a') in 0.027008 seconds
Number of updated asset objects reloaded before import = 0
Number of asset objects unloaded after import = 2
========================================================================
Received Import Request.
  Time since last request: 0.000021 seconds.
  path: Assets/!cumple/01- Cake/0_Strawberryleaf.png
  artifactKey: Guid(227d00c63e22ade48adecd5d8aae2a5b) Importer(815301076,1909f56bfc062723c751e8b465ee728b)
Start importing Assets/!cumple/01- Cake/0_Strawberryleaf.png using Guid(227d00c63e22ade48adecd5d8aae2a5b) Importer(815301076,1909f56bfc062723c751e8b465ee728b)  -> (artifact id: 'e25c1f0fb7c5f465d8d93679ec76f111') in 0.014099 seconds
Number of updated asset objects reloaded before import = 0
Number of asset objects unloaded after import = 2
========================================================================
Received Import Request.
  Time since last request: 0.000026 seconds.
  path: Assets/!cumple/01- Cake/model.obj
  artifactKey: Guid(c9c639a31687b71489173e86d5460306) Importer(815301076,1909f56bfc062723c751e8b465ee728b)
Start importing Assets/!cumple/01- Cake/model.obj using Guid(c9c639a31687b71489173e86d5460306) Importer(815301076,1909f56bfc062723c751e8b465ee728b)  -> (artifact id: '484ee79c281d40e7c79f248d92ccbff6') in 0.290888 seconds
Number of updated asset objects reloaded before import = 0
Number of asset objects unloaded after import = 22
========================================================================
Received Import Request.
  Time since last request: 1344.513692 seconds.
  path: Assets/!cumple/01- Colorful Balloons/Thumbnail.jpg
  artifactKey: Guid(7a86e815e2f9c994a814630dce321eb9) Importer(815301076,1909f56bfc062723c751e8b465ee728b)
Start importing Assets/!cumple/01- Colorful Balloons/Thumbnail.jpg using Guid(7a86e815e2f9c994a814630dce321eb9) Importer(815301076,1909f56bfc062723c751e8b465ee728b)  -> (artifact id: 'f177b5ced844f5d92a99f7ce02ce50a4') in 0.015234 seconds
Number of updated asset objects reloaded before import = 0
Number of asset objects unloaded after import = 2
========================================================================
Received Import Request.
  Time since last request: 43.757379 seconds.
  path: Assets/!cumple/01- Colorful Balloons/mats/object_1.mat
  artifactKey: Guid(d234e5ae602ed9544859c0735c6a7157) Importer(815301076,1909f56bfc062723c751e8b465ee728b)
Start importing Assets/!cumple/01- Colorful Balloons/mats/object_1.mat using Guid(d234e5ae602ed9544859c0735c6a7157) Importer(815301076,1909f56bfc062723c751e8b465ee728b)  -> (artifact id: 'e9abe212ae7101098c0533ef964bf94e') in 0.017397 seconds
Number of updated asset objects reloaded before import = 0
Number of asset objects unloaded after import = 1
========================================================================
Received Import Request.
  Time since last request: 0.000017 seconds.
  path: Assets/!cumple/01- Colorful Balloons/mats/object_6.mat
  artifactKey: Guid(af304abff6039b840bfe409d8b81d320) Importer(815301076,1909f56bfc062723c751e8b465ee728b)
Start importing Assets/!cumple/01- Colorful Balloons/mats/object_6.mat using Guid(af304abff6039b840bfe409d8b81d320) Importer(815301076,1909f56bfc062723c751e8b465ee728b)  -> (artifact id: '56c74a7a26807b87e584db25c60f253e') in 0.012097 seconds
Number of updated asset objects reloaded before import = 0
Number of asset objects unloaded after import = 1
========================================================================
Received Import Request.
  Time since last request: 0.000019 seconds.
  path: Assets/!cumple/01- Colorful Balloons/mats/object_8.mat
  artifactKey: Guid(f7966209e51165244938eafd5828ec97) Importer(815301076,1909f56bfc062723c751e8b465ee728b)
Start importing Assets/!cumple/01- Colorful Balloons/mats/object_8.mat using Guid(f7966209e51165244938eafd5828ec97) Importer(815301076,1909f56bfc062723c751e8b465ee728b)  -> (artifact id: '3165707f7c6d847006f70fb8ee154325') in 0.013135 seconds
Number of updated asset objects reloaded before import = 0
Number of asset objects unloaded after import = 1
========================================================================
Received Import Request.
  Time since last request: 0.000022 seconds.
  path: Assets/!cumple/01- Colorful Balloons/mats/object_2.mat
  artifactKey: Guid(8a840e636c4bcf34eb67d536698bb1ed) Importer(815301076,1909f56bfc062723c751e8b465ee728b)
Start importing Assets/!cumple/01- Colorful Balloons/mats/object_2.mat using Guid(8a840e636c4bcf34eb67d536698bb1ed) Importer(815301076,1909f56bfc062723c751e8b465ee728b)  -> (artifact id: '2e6d8bce48dec1d05c0afd8a54a7c167') in 0.012931 seconds
Number of updated asset objects reloaded before import = 0
Number of asset objects unloaded after import = 1
========================================================================
Received Import Request.
  Time since last request: 52.971262 seconds.
  path: Assets/!cumple/01- Colorful Balloons/mats/object_2.mat
  artifactKey: Guid(8a840e636c4bcf34eb67d536698bb1ed) Importer(815301076,1909f56bfc062723c751e8b465ee728b)
Start importing Assets/!cumple/01- Colorful Balloons/mats/object_2.mat using Guid(8a840e636c4bcf34eb67d536698bb1ed) Importer(815301076,1909f56bfc062723c751e8b465ee728b)  -> (artifact id: 'bc65b677f1e1b78b295b1c1708bf4da0') in 0.010716 seconds
Number of updated asset objects reloaded before import = 0
Number of asset objects unloaded after import = 1
========================================================================
Received Import Request.
  Time since last request: 157.882505 seconds.
  path: Assets/!cumple/01- Balloon Alphabet Green/Thumbnail.jpg
  artifactKey: Guid(8d69f560e6eb103419d9d43493ce1afe) Importer(815301076,1909f56bfc062723c751e8b465ee728b)
Start importing Assets/!cumple/01- Balloon Alphabet Green/Thumbnail.jpg using Guid(8d69f560e6eb103419d9d43493ce1afe) Importer(815301076,1909f56bfc062723c751e8b465ee728b)  -> (artifact id: 'e04cbf4dacd8d4c41328fb0b119ad209') in 0.014532 seconds
Number of updated asset objects reloaded before import = 0
Number of asset objects unloaded after import = 2
========================================================================
Received Import Request.
  Time since last request: 74.076978 seconds.
  path: Assets/!cumple/01- Colorful Balloons/mats/object_1 1.mat
  artifactKey: Guid(4b16c36545bb5c542ad1002749bc7cb6) Importer(815301076,1909f56bfc062723c751e8b465ee728b)
Start importing Assets/!cumple/01- Colorful Balloons/mats/object_1 1.mat using Guid(4b16c36545bb5c542ad1002749bc7cb6) Importer(815301076,1909f56bfc062723c751e8b465ee728b)  -> (artifact id: '43f5df93ea68e1bd326f13cd9a55d87b') in 0.020524 seconds
Number of updated asset objects reloaded before import = 0
Number of asset objects unloaded after import = 1
========================================================================
Received Import Request.
  Time since last request: 12.456191 seconds.
  path: Assets/!cumple/01- Colorful Balloons/mats/object_2.mat
  artifactKey: Guid(8a840e636c4bcf34eb67d536698bb1ed) Importer(815301076,1909f56bfc062723c751e8b465ee728b)
Start importing Assets/!cumple/01- Colorful Balloons/mats/object_2.mat using Guid(8a840e636c4bcf34eb67d536698bb1ed) Importer(815301076,1909f56bfc062723c751e8b465ee728b)  -> (artifact id: '50802375eaef9a6b6afbde0f0c88632d') in 0.009713 seconds
Number of updated asset objects reloaded before import = 0
Number of asset objects unloaded after import = 1
========================================================================
Received Import Request.
  Time since last request: 153.011059 seconds.
  path: Assets/!cumple/02- Balloon Numbers Blue/Thumbnail.jpg
  artifactKey: Guid(c31a4e2fade8af349af2480e7e53b015) Importer(815301076,1909f56bfc062723c751e8b465ee728b)
Start importing Assets/!cumple/02- Balloon Numbers Blue/Thumbnail.jpg using Guid(c31a4e2fade8af349af2480e7e53b015) Importer(815301076,1909f56bfc062723c751e8b465ee728b)  -> (artifact id: 'f7657b5433ef1db9cffcfd90fc1fd4c7') in 0.017284 seconds
Number of updated asset objects reloaded before import = 0
Number of asset objects unloaded after import = 2
========================================================================
Received Import Request.
  Time since last request: 353.240979 seconds.
  path: Assets/!cumple/Grimace Birthday Shake/textures/Cover_AO.jpg
  artifactKey: Guid(4041174576a419b42b9c4944094ae630) Importer(815301076,1909f56bfc062723c751e8b465ee728b)
Start importing Assets/!cumple/Grimace Birthday Shake/textures/Cover_AO.jpg using Guid(4041174576a419b42b9c4944094ae630) Importer(815301076,1909f56bfc062723c751e8b465ee728b)  -> (artifact id: '3157f11161abff1927fb27a32e521171') in 0.017931 seconds
Number of updated asset objects reloaded before import = 0
Number of asset objects unloaded after import = 2
========================================================================
Received Import Request.
  Time since last request: 0.000014 seconds.
  path: Assets/!cumple/Grimace Birthday Shake/textures/Cover_emissive.jpg
  artifactKey: Guid(4021555129c361249abbe68d46aa75a2) Importer(815301076,1909f56bfc062723c751e8b465ee728b)
Start importing Assets/!cumple/Grimace Birthday Shake/textures/Cover_emissive.jpg using Guid(4021555129c361249abbe68d46aa75a2) Importer(815301076,1909f56bfc062723c751e8b465ee728b)  -> (artifact id: '3051d9eda0daf9605fbf27cdf5c91174') in 0.014830 seconds
Number of updated asset objects reloaded before import = 0
Number of asset objects unloaded after import = 2
========================================================================
Received Import Request.
  Time since last request: 0.000030 seconds.
  path: Assets/!cumple/Grimace Birthday Shake/textures/Cover_metallic.jpg
  artifactKey: Guid(113d0006b79ffec4d8d9ae88dc141a4a) Importer(815301076,1909f56bfc062723c751e8b465ee728b)
Start importing Assets/!cumple/Grimace Birthday Shake/textures/Cover_metallic.jpg using Guid(113d0006b79ffec4d8d9ae88dc141a4a) Importer(815301076,1909f56bfc062723c751e8b465ee728b)  -> (artifact id: '57b6f42f7e1096c8414a1c2f5a1d4fb2') in 0.014755 seconds
Number of updated asset objects reloaded before import = 0
Number of asset objects unloaded after import = 2
========================================================================
Received Import Request.
  Time since last request: 0.000072 seconds.
  path: Assets/!cumple/Grimace Birthday Shake/textures/Cover_roughness.jpg
  artifactKey: Guid(71d0390671a9fb140bb7293f06c44625) Importer(815301076,1909f56bfc062723c751e8b465ee728b)
Start importing Assets/!cumple/Grimace Birthday Shake/textures/Cover_roughness.jpg using Guid(71d0390671a9fb140bb7293f06c44625) Importer(815301076,1909f56bfc062723c751e8b465ee728b)  -> (artifact id: '66d0e51dda59533eb65597b3d2101b42') in 0.019785 seconds
Number of updated asset objects reloaded before import = 0
Number of asset objects unloaded after import = 2
========================================================================
Received Import Request.
  Time since last request: 0.000015 seconds.
  path: Assets/!cumple/Grimace Birthday Shake/textures/Shake_normal.png
  artifactKey: Guid(30932686d66797b43a2b184bb9122979) Importer(815301076,1909f56bfc062723c751e8b465ee728b)
Start importing Assets/!cumple/Grimace Birthday Shake/textures/Shake_normal.png using Guid(30932686d66797b43a2b184bb9122979) Importer(815301076,1909f56bfc062723c751e8b465ee728b)  -> (artifact id: '4af57e1ba72f46c2e8a6effaba91a351') in 0.018396 seconds
Number of updated asset objects reloaded before import = 0
Number of asset objects unloaded after import = 2
========================================================================
Received Import Request.
  Time since last request: 0.000020 seconds.
  path: Assets/!cumple/Grimace Birthday Shake/textures/Cover_opacity.jpg
  artifactKey: Guid(578f01764b10dd04d80d77c51eb8a2fe) Importer(815301076,1909f56bfc062723c751e8b465ee728b)
Start importing Assets/!cumple/Grimace Birthday Shake/textures/Cover_opacity.jpg using Guid(578f01764b10dd04d80d77c51eb8a2fe) Importer(815301076,1909f56bfc062723c751e8b465ee728b)  -> (artifact id: 'c3dc8f60934bfde885e90e460c08ea17') in 0.017745 seconds
Number of updated asset objects reloaded before import = 0
Number of asset objects unloaded after import = 2
========================================================================
Received Import Request.
  Time since last request: 0.000021 seconds.
  path: Assets/!cumple/Grimace Birthday Shake/textures/Shake_metallic.jpg
  artifactKey: Guid(f9dc2ebf72c6f5649aad0b9b8fb873aa) Importer(815301076,1909f56bfc062723c751e8b465ee728b)
Start importing Assets/!cumple/Grimace Birthday Shake/textures/Shake_metallic.jpg using Guid(f9dc2ebf72c6f5649aad0b9b8fb873aa) Importer(815301076,1909f56bfc062723c751e8b465ee728b)  -> (artifact id: 'd57b284fc4a2195f009b82d82710b8f8') in 0.010111 seconds
Number of updated asset objects reloaded before import = 0
Number of asset objects unloaded after import = 2
Editor requested this worker to shutdown with reason: Scaling down because of idle timeout
TcpMessagingSession - receive error: operation aborted. errorcode: 995, details: La operación de E/S se anuló por una salida de subproceso o por una solicitud de aplicación.
AssetImportWorker is now disconnected from the server
Process exiting
Exiting without the bug reporter. Application will terminate with return code 0