Using pre-set license
Built from '2022.3/staging' branch; Version is '2022.3.6f1 (b9e6e7e9fa2d) revision 12183271'; Using compiler version '192829333'; Build Type 'Release'
OS: 'Windows 11  (10.0.22631) 64bit Professional' Language: 'es' Physical Memory: 32713 MB
BatchMode: 1, IsHumanControllingUs: 0, StartBugReporterOnCrash: 0, Is64bit: 1, IsPro: 1

COMMAND LINE ARGUMENTS:
J:\Program Files\Unity Hub\Editor\2022.3.6f1\Editor\Unity.exe
-adb2
-batchMode
-noUpm
-name
AssetImportWorker4
-projectPath
E:/Unity Projects/LugaBar 2.0
-logFile
Logs/AssetImportWorker4.log
-srvPort
50105
Successfully changed project path to: E:/Unity Projects/LugaBar 2.0
E:/Unity Projects/LugaBar 2.0
[UnityMemory] Configuration Parameters - Can be set up in boot.config
    "memorysetup-bucket-allocator-granularity=16"
    "memorysetup-bucket-allocator-bucket-count=8"
    "memorysetup-bucket-allocator-block-size=33554432"
    "memorysetup-bucket-allocator-block-count=8"
    "memorysetup-main-allocator-block-size=16777216"
    "memorysetup-thread-allocator-block-size=16777216"
    "memorysetup-gfx-main-allocator-block-size=16777216"
    "memorysetup-gfx-thread-allocator-block-size=16777216"
    "memorysetup-cache-allocator-block-size=4194304"
    "memorysetup-typetree-allocator-block-size=2097152"
    "memorysetup-profiler-bucket-allocator-granularity=16"
    "memorysetup-profiler-bucket-allocator-bucket-count=8"
    "memorysetup-profiler-bucket-allocator-block-size=33554432"
    "memorysetup-profiler-bucket-allocator-block-count=8"
    "memorysetup-profiler-allocator-block-size=16777216"
    "memorysetup-profiler-editor-allocator-block-size=1048576"
    "memorysetup-temp-allocator-size-main=16777216"
    "memorysetup-job-temp-allocator-block-size=2097152"
    "memorysetup-job-temp-allocator-block-size-background=1048576"
    "memorysetup-job-temp-allocator-reduction-small-platforms=262144"
    "memorysetup-allocator-temp-initial-block-size-main=262144"
    "memorysetup-allocator-temp-initial-block-size-worker=262144"
    "memorysetup-temp-allocator-size-background-worker=32768"
    "memorysetup-temp-allocator-size-job-worker=262144"
    "memorysetup-temp-allocator-size-preload-manager=33554432"
    "memorysetup-temp-allocator-size-nav-mesh-worker=65536"
    "memorysetup-temp-allocator-size-audio-worker=65536"
    "memorysetup-temp-allocator-size-cloud-worker=32768"
    "memorysetup-temp-allocator-size-gi-baking-worker=262144"
    "memorysetup-temp-allocator-size-gfx=262144"
Player connection [16660] Host "[IP] 192.168.0.4 [Port] 0 [Flags] 2 [Guid] 591422320 [EditorId] 591422320 [Version] 1048832 [Id] WindowsEditor(7,Richard) [Debug] 1 [PackageName] WindowsEditor [ProjectName] Editor" joined multi-casting on [225.0.0.222:54997]...

Player connection [16660] Host "[IP] 192.168.0.4 [Port] 0 [Flags] 2 [Guid] 591422320 [EditorId] 591422320 [Version] 1048832 [Id] WindowsEditor(7,Richard) [Debug] 1 [PackageName] WindowsEditor [ProjectName] Editor" joined alternative multi-casting on [225.0.0.222:34997]...

Refreshing native plugins compatible for Editor in 36.04 ms, found 28 plugins.
Preloading 2 native plugins for Editor in 1.31 ms.
Initialize engine version: 2022.3.6f1 (b9e6e7e9fa2d)
[Subsystems] Discovering subsystems at path J:/Program Files/Unity Hub/Editor/2022.3.6f1/Editor/Data/Resources/UnitySubsystems
[Subsystems] Discovering subsystems at path E:/Unity Projects/LugaBar 2.0/Assets
GfxDevice: creating device client; threaded=0; jobified=0
Direct3D:
    Version:  Direct3D 11.0 [level 11.1]
    Renderer: NVIDIA GeForce RTX 4070 SUPER (ID=0x2783)
    Vendor:   NVIDIA
    VRAM:     11999 MB
    Driver:   31.0.15.5212
Initialize mono
Mono path[0] = 'J:/Program Files/Unity Hub/Editor/2022.3.6f1/Editor/Data/Managed'
Mono path[1] = 'J:/Program Files/Unity Hub/Editor/2022.3.6f1/Editor/Data/MonoBleedingEdge/lib/mono/unityjit-win32'
Mono config path = 'J:/Program Files/Unity Hub/Editor/2022.3.6f1/Editor/Data/MonoBleedingEdge/etc'
Using monoOptions --debugger-agent=transport=dt_socket,embedding=1,server=y,suspend=n,address=127.0.0.1:56288
Begin MonoManager ReloadAssembly
Registering precompiled unity dll's ...
Register platform support module: J:/Program Files/Unity Hub/Editor/2022.3.6f1/Editor/Data/PlaybackEngines/AndroidPlayer/UnityEditor.Android.Extensions.dll
Register platform support module: J:/Program Files/Unity Hub/Editor/2022.3.6f1/Editor/Data/PlaybackEngines/WindowsStandaloneSupport/UnityEditor.WindowsStandalone.Extensions.dll
Registered in 0.005313 seconds.
- Loaded All Assemblies, in  0.359 seconds
Native extension for WindowsStandalone target not found
Native extension for Android target not found
Mono: successfully reloaded assembly
- Finished resetting the current domain, in  0.317 seconds
Domain Reload Profiling: 677ms
	BeginReloadAssembly (105ms)
		ExecutionOrderSort (0ms)
		DisableScriptedObjects (0ms)
		BackupInstance (0ms)
		ReleaseScriptingObjects (0ms)
		CreateAndSetChildDomain (1ms)
	RebuildCommonClasses (38ms)
	RebuildNativeTypeToScriptingClass (12ms)
	initialDomainReloadingComplete (52ms)
	LoadAllAssembliesAndSetupDomain (152ms)
		LoadAssemblies (105ms)
		RebuildTransferFunctionScriptingTraits (0ms)
		AnalyzeDomain (148ms)
			TypeCache.Refresh (147ms)
				TypeCache.ScanAssembly (134ms)
			ScanForSourceGeneratedMonoScriptInfo (0ms)
			ResolveRequiredComponents (0ms)
	FinalizeReload (318ms)
		ReleaseScriptCaches (0ms)
		RebuildScriptCaches (0ms)
		SetupLoadedEditorAssemblies (261ms)
			LogAssemblyErrors (0ms)
			InitializePlatformSupportModulesInManaged (98ms)
			SetLoadedEditorAssemblies (4ms)
			RefreshPlugins (0ms)
			BeforeProcessingInitializeOnLoad (2ms)
			ProcessInitializeOnLoadAttributes (108ms)
			ProcessInitializeOnLoadMethodAttributes (48ms)
			AfterProcessingInitializeOnLoad (0ms)
			EditorAssembliesLoaded (0ms)
		ExecutionOrderSort2 (0ms)
		AwakeInstancesAfterBackupRestoration (0ms)
========================================================================
Worker process is ready to serve import requests
Begin MonoManager ReloadAssembly
- Loaded All Assemblies, in  1.016 seconds
Refreshing native plugins compatible for Editor in 12.59 ms, found 28 plugins.
Native extension for WindowsStandalone target not found
Native extension for Android target not found
Package Manager log level set to [2]
[Package Manager] Server::EnsureServerProcessIsRunning -- launch failed, reason: Unity was launched with the -noUpm command-line argument
[Package Manager] UpmClient::Send -- Unable to send message (not connected to UPM process).
[Package Manager] Cannot connect to Unity Package Manager local server
System.ArgumentNullException: Value cannot be null.
Parameter name: path
  at System.IO.Directory.CreateDirectory (System.String path) [0x00003] in <eef08f56e2e042f1b3027eca477293d9>:0 
  at VRC.SDKBase.Editor.VRCPackageSettings.EnsurePathExists () [0x0000b] in .\Packages\com.vrchat.base\Editor\VRCSDK\Dependencies\VRChat\VRCPackageSettings.cs:45 
  at VRC.SDKBase.Editor.VRCPackageSettings.Load () [0x00000] in .\Packages\com.vrchat.base\Editor\VRCSDK\Dependencies\VRChat\VRCPackageSettings.cs:50 
  at VRC.SDKBase.Editor.VRCPackageSettings.Create () [0x00005] in .\Packages\com.vrchat.base\Editor\VRCSDK\Dependencies\VRChat\VRCPackageSettings.cs:19 
  at VRC.SDKBase.Editor.SampleHintCreator..cctor () [0x00007] in .\Packages\com.vrchat.base\Editor\VRCSDK\SampleHintCreator.cs:18 
UnityEngine.StackTraceUtility:ExtractStackTrace ()
UnityEngine.DebugLogHandler:LogFormat (UnityEngine.LogType,UnityEngine.Object,string,object[])
UnityEngine.Logger:Log (UnityEngine.LogType,object)
UnityEngine.Debug:LogError (object)
UnityEditor.EditorAssemblies:ProcessInitializeOnLoadAttributes (System.Type[])

[Package Manager] Server::EnsureServerProcessIsRunning -- launch failed, reason: Unity was launched with the -noUpm command-line argument
[Package Manager] UpmClient::Send -- Unable to send message (not connected to UPM process).
[Package Manager] Cannot connect to Unity Package Manager local server
System.Reflection.TargetInvocationException: Exception has been thrown by the target of an invocation. ---> System.NullReferenceException: Object reference not set to an instance of an object
  at Unity.XR.Oculus.OculusLoader.AssetPathToAbsolutePath (System.String assetPath) [0x00040] in .\Library\PackageCache\com.unity.xr.oculus@4.0.0\Runtime\OculusLoader.cs:282 
  at Unity.XR.Oculus.OculusLoader.EditorLoadOVRPlugin () [0x0007b] in .\Library\PackageCache\com.unity.xr.oculus@4.0.0\Runtime\OculusLoader.cs:267 
  at (wrapper managed-to-native) System.Reflection.RuntimeMethodInfo.InternalInvoke(System.Reflection.RuntimeMethodInfo,object,object[],System.Exception&)
  at System.Reflection.RuntimeMethodInfo.Invoke (System.Object obj, System.Reflection.BindingFlags invokeAttr, System.Reflection.Binder binder, System.Object[] parameters, System.Globalization.CultureInfo culture) [0x0006a] in <eef08f56e2e042f1b3027eca477293d9>:0 
   --- End of inner exception stack trace ---
  at System.Reflection.RuntimeMethodInfo.Invoke (System.Object obj, System.Reflection.BindingFlags invokeAttr, System.Reflection.Binder binder, System.Object[] parameters, System.Globalization.CultureInfo culture) [0x00083] in <eef08f56e2e042f1b3027eca477293d9>:0 
  at System.Reflection.MethodBase.Invoke (System.Object obj, System.Object[] parameters) [0x00000] in <eef08f56e2e042f1b3027eca477293d9>:0 
  at UnityEditor.EditorAssemblies.ProcessInitializeOnLoadMethodAttributes () [0x000a5] in <347e3e2bef8c4deb82c9790c6e198135>:0 
UnityEngine.StackTraceUtility:ExtractStackTrace ()
UnityEngine.DebugLogHandler:LogFormat (UnityEngine.LogType,UnityEngine.Object,string,object[])
UnityEngine.Logger:Log (UnityEngine.LogType,object)
UnityEngine.Debug:LogError (object)
UnityEditor.EditorAssemblies:ProcessInitializeOnLoadMethodAttributes ()

Mono: successfully reloaded assembly
[Package Manager] Server::EnsureServerProcessIsRunning -- launch failed, reason: Unity was launched with the -noUpm command-line argument
[Package Manager] UpmClient::Send -- Unable to send message (not connected to UPM process).
[Package Manager] Cannot connect to Unity Package Manager local server
[Package Manager] Server::EnsureServerProcessIsRunning -- launch failed, reason: Unity was launched with the -noUpm command-line argument
[Package Manager] UpmClient::Send -- Unable to send message (not connected to UPM process).
[Package Manager] Cannot connect to Unity Package Manager local server
- Finished resetting the current domain, in  2.710 seconds
Domain Reload Profiling: 3726ms
	BeginReloadAssembly (139ms)
		ExecutionOrderSort (0ms)
		DisableScriptedObjects (6ms)
		BackupInstance (0ms)
		ReleaseScriptingObjects (0ms)
		CreateAndSetChildDomain (21ms)
	RebuildCommonClasses (34ms)
	RebuildNativeTypeToScriptingClass (11ms)
	initialDomainReloadingComplete (34ms)
	LoadAllAssembliesAndSetupDomain (795ms)
		LoadAssemblies (396ms)
		RebuildTransferFunctionScriptingTraits (0ms)
		AnalyzeDomain (476ms)
			TypeCache.Refresh (440ms)
				TypeCache.ScanAssembly (423ms)
			ScanForSourceGeneratedMonoScriptInfo (25ms)
			ResolveRequiredComponents (11ms)
	FinalizeReload (2711ms)
		ReleaseScriptCaches (0ms)
		RebuildScriptCaches (0ms)
		SetupLoadedEditorAssemblies (1429ms)
			LogAssemblyErrors (0ms)
			InitializePlatformSupportModulesInManaged (22ms)
			SetLoadedEditorAssemblies (6ms)
			RefreshPlugins (0ms)
			BeforeProcessingInitializeOnLoad (67ms)
			ProcessInitializeOnLoadAttributes (823ms)
			ProcessInitializeOnLoadMethodAttributes (509ms)
			AfterProcessingInitializeOnLoad (3ms)
			EditorAssembliesLoaded (0ms)
		ExecutionOrderSort2 (0ms)
		AwakeInstancesAfterBackupRestoration (10ms)
Launched and connected shader compiler UnityShaderCompiler.exe after 0.07 seconds
Refreshing native plugins compatible for Editor in 17.90 ms, found 28 plugins.
Preloading 2 native plugins for Editor in 0.06 ms.
Unloading 4596 Unused Serialized files (Serialized files now loaded: 0)
Unloading 374 unused Assets / (3.3 MB). Loaded Objects now: 5053.
Memory consumption went from 256.0 MB to 252.7 MB.
Total: 10.475300 ms (FindLiveObjects: 0.350700 ms CreateObjectMapping: 0.380800 ms MarkObjects: 8.787900 ms  DeleteObjects: 0.954900 ms)

AssetImportParameters requested are different than current active one (requested -> active):
  custom:container-demuxer-ogg: 62fdf1f143b41e24485cea50d1cbac27 -> 
  custom:video-codec-MediaFoundation-h265: 746d11721c4dcdbdad8f713fa42b33f4 -> 
  custom:video-decoder-ogg-theora: a1e56fd34408186e4bbccfd4996cb3dc -> 
  custom:framework-win-MediaFoundation: 216162199b28c13a410421893ffa2e32 -> 
  custom:CustomObjectIndexerAttribute: 756ad292c208cfabdd7b50bc23989ffe -> 
  custom:container-demuxer-webm: 4f35f7cbe854078d1ac9338744f61a02 -> 
  custom:container-muxer-webm: aa71ff27fc2769a1b78a27578f13a17b -> 
  custom:video-decoder-webm-vp8: 9c59270c3fd7afecdb556c50c9e8de78 -> 
  custom:SearchIndexIgnoredProperties: e643bd26f0fe6173181afceb89e7c659 -> 
  custom:AudioImporter_EditorPlatform: d09bf68614088b80899f8185d706f6e7 -> 
  custom:video-encoder-webm-vp8: eb34c28f22e8b96e1ab97ce403110664 -> 
  custom:audio-decoder-ogg-vorbis: bf7c407c2cedff20999df2af8eb42d56 -> 
  custom:audio-encoder-webm-vorbis: bf7c407c2cedff20999df2af8eb42d56 -> 
========================================================================
Received Import Request.
  Time since last request: 593814.247127 seconds.
  path: Assets/!cumple/Birthday.prefab
  artifactKey: Guid(7dc929fc53056b94eaad8d0e44b0e7c8) Importer(815301076,1909f56bfc062723c751e8b465ee728b)
Start importing Assets/!cumple/Birthday.prefab using Guid(7dc929fc53056b94eaad8d0e44b0e7c8) Importer(815301076,1909f56bfc062723c751e8b465ee728b)  -> (artifact id: '96ada2b9cc0fdefdeec47ff1d5456c04') in 0.138566 seconds
Number of updated asset objects reloaded before import = 0
Number of asset objects unloaded after import = 346
========================================================================
Received Import Request.
  Time since last request: 854.921554 seconds.
  path: Assets/!cumple/01- Multi Color Pennant Banner
  artifactKey: Guid(70c804fdbede2d54db16516122fa7571) Importer(815301076,1909f56bfc062723c751e8b465ee728b)
Start importing Assets/!cumple/01- Multi Color Pennant Banner using Guid(70c804fdbede2d54db16516122fa7571) Importer(815301076,1909f56bfc062723c751e8b465ee728b)  -> (artifact id: '4cf76107e54dd7b5d4092b91a06f4515') in 0.000624 seconds
Number of updated asset objects reloaded before import = 0
Number of asset objects unloaded after import = 0
========================================================================
Received Import Request.
  Time since last request: 0.074145 seconds.
  path: Assets/!cumple/01- Multi Color Pennant Banner/model.obj
  artifactKey: Guid(32aff5d551ac4c84798326ccd02152c5) Importer(815301076,1909f56bfc062723c751e8b465ee728b)
Start importing Assets/!cumple/01- Multi Color Pennant Banner/model.obj using Guid(32aff5d551ac4c84798326ccd02152c5) Importer(815301076,1909f56bfc062723c751e8b465ee728b)  -> (artifact id: '59f31965da776837af5a12741d5edd71') in 0.045539 seconds
Number of updated asset objects reloaded before import = 0
Number of asset objects unloaded after import = 10
========================================================================
Received Import Request.
  Time since last request: 28.392734 seconds.
  path: Assets/!cumple/01- Multi Color Pennant Banner/New Material.mat
  artifactKey: Guid(e1fe9a2f28d72fb4581515c53cca6ee6) Importer(815301076,1909f56bfc062723c751e8b465ee728b)
Start importing Assets/!cumple/01- Multi Color Pennant Banner/New Material.mat using Guid(e1fe9a2f28d72fb4581515c53cca6ee6) Importer(815301076,1909f56bfc062723c751e8b465ee728b)  -> (artifact id: '5c5bf0ab6d4e3f7d0db8a1fc45fa9fe6') in 0.009550 seconds
Number of updated asset objects reloaded before import = 0
Number of asset objects unloaded after import = 1
========================================================================
Received Import Request.
  Time since last request: 124.250220 seconds.
  path: Assets/!cumple/Candel prefab/texture/candel normal map.png
  artifactKey: Guid(4c0a298e034a48847b24c6acaa7da2cc) Importer(815301076,1909f56bfc062723c751e8b465ee728b)
Start importing Assets/!cumple/Candel prefab/texture/candel normal map.png using Guid(4c0a298e034a48847b24c6acaa7da2cc) Importer(815301076,1909f56bfc062723c751e8b465ee728b)  -> (artifact id: '2703e9b731bca957e4d100a310b9be1e') in 0.028873 seconds
Number of updated asset objects reloaded before import = 0
Number of asset objects unloaded after import = 2
========================================================================
Received Import Request.
  Time since last request: 0.000027 seconds.
  path: Assets/!cumple/Candel prefab/texture/Candle color.png
  artifactKey: Guid(e072042900acbe64b8eb2a43855327e2) Importer(815301076,1909f56bfc062723c751e8b465ee728b)
Start importing Assets/!cumple/Candel prefab/texture/Candle color.png using Guid(e072042900acbe64b8eb2a43855327e2) Importer(815301076,1909f56bfc062723c751e8b465ee728b)  -> (artifact id: '288ff0d6159566adf97a6113441b7c8f') in 0.017277 seconds
Number of updated asset objects reloaded before import = 0
Number of asset objects unloaded after import = 2
========================================================================
Received Import Request.
  Time since last request: 0.474544 seconds.
  path: Assets/CyanTrigger/Resources/Images/CyanTriggerIcon.png
  artifactKey: Guid(63fd9f02bbcf1dc4dab3485b09eaebee) Importer(815301076,1909f56bfc062723c751e8b465ee728b)
Start importing Assets/CyanTrigger/Resources/Images/CyanTriggerIcon.png using Guid(63fd9f02bbcf1dc4dab3485b09eaebee) Importer(815301076,1909f56bfc062723c751e8b465ee728b)  -> (artifact id: '6c32f63dc08c56668dfe7b91c4c312a2') in 0.010234 seconds
Number of updated asset objects reloaded before import = 0
Number of asset objects unloaded after import = 2
========================================================================
Received Import Request.
  Time since last request: 0.000013 seconds.
  path: Assets/CyanTrigger/Resources/Images/CyanTriggerIconYellow.png
  artifactKey: Guid(b4e6255283ead0d479dfb1ae6615d988) Importer(815301076,1909f56bfc062723c751e8b465ee728b)
Start importing Assets/CyanTrigger/Resources/Images/CyanTriggerIconYellow.png using Guid(b4e6255283ead0d479dfb1ae6615d988) Importer(815301076,1909f56bfc062723c751e8b465ee728b)  -> (artifact id: 'd7041d6e812f9582a4a4c88c7b44a840') in 0.011204 seconds
Number of updated asset objects reloaded before import = 0
Number of asset objects unloaded after import = 2
========================================================================
Received Import Request.
  Time since last request: 0.974190 seconds.
  path: Assets/TextMesh Pro/Sprites/EmojiOne.png
  artifactKey: Guid(dffef66376be4fa480fb02b19edbe903) Importer(815301076,1909f56bfc062723c751e8b465ee728b)
Start importing Assets/TextMesh Pro/Sprites/EmojiOne.png using Guid(dffef66376be4fa480fb02b19edbe903) Importer(815301076,1909f56bfc062723c751e8b465ee728b)  -> (artifact id: '81f982f3e7282ef706ae8d0efb8a8536') in 0.014212 seconds
Number of updated asset objects reloaded before import = 0
Number of asset objects unloaded after import = 2
========================================================================
Received Import Request.
  Time since last request: 1.311842 seconds.
  path: Assets/Bakery/examples/lightmaps/example_shadowmask_LM0_dir.tga
  artifactKey: Guid(ed219786d4938ba48bcc59ee9d8cdfff) Importer(815301076,1909f56bfc062723c751e8b465ee728b)
Start importing Assets/Bakery/examples/lightmaps/example_shadowmask_LM0_dir.tga using Guid(ed219786d4938ba48bcc59ee9d8cdfff) Importer(815301076,1909f56bfc062723c751e8b465ee728b)  -> (artifact id: '2b478d097c946172df55455ad114b6bf') in 0.012700 seconds
Number of updated asset objects reloaded before import = 0
Number of asset objects unloaded after import = 2
========================================================================
Received Import Request.
  Time since last request: 0.004558 seconds.
  path: Assets/Bakery/examples/lightmaps/example_shadowmask_LM0_mask.tga
  artifactKey: Guid(d2ce8954375581b459de7b354d206f9b) Importer(815301076,1909f56bfc062723c751e8b465ee728b)
Start importing Assets/Bakery/examples/lightmaps/example_shadowmask_LM0_mask.tga using Guid(d2ce8954375581b459de7b354d206f9b) Importer(815301076,1909f56bfc062723c751e8b465ee728b)  -> (artifact id: 'ea6f8e004a0fb005b9792d1f5e14a938') in 0.014499 seconds
Number of updated asset objects reloaded before import = 0
Number of asset objects unloaded after import = 2
========================================================================
Received Import Request.
  Time since last request: 0.000017 seconds.
  path: Assets/Bakery/examples/lightmaps/example_shadowmask_LMA1_dir.tga
  artifactKey: Guid(1c4d6e74b2d11694b9d25be271b58a44) Importer(815301076,1909f56bfc062723c751e8b465ee728b)
Start importing Assets/Bakery/examples/lightmaps/example_shadowmask_LMA1_dir.tga using Guid(1c4d6e74b2d11694b9d25be271b58a44) Importer(815301076,1909f56bfc062723c751e8b465ee728b)  -> (artifact id: '9e238dc9bf7b1444194821fd03e2c250') in 0.015537 seconds
Number of updated asset objects reloaded before import = 0
Number of asset objects unloaded after import = 2
========================================================================
Received Import Request.
  Time since last request: 0.000017 seconds.
  path: Assets/Bakery/examples/lightmaps/example_shadowmask_LMA1_mask.tga
  artifactKey: Guid(22e707c9cd2d10345ab1d6b95cb6b90d) Importer(815301076,1909f56bfc062723c751e8b465ee728b)
Start importing Assets/Bakery/examples/lightmaps/example_shadowmask_LMA1_mask.tga using Guid(22e707c9cd2d10345ab1d6b95cb6b90d) Importer(815301076,1909f56bfc062723c751e8b465ee728b)  -> (artifact id: 'db5d8c6f59c296a55401db2e4efc85f7') in 0.012797 seconds
Number of updated asset objects reloaded before import = 0
Number of asset objects unloaded after import = 2
========================================================================
Received Import Request.
  Time since last request: 0.335333 seconds.
  path: Assets/EasyRoads3D/images/folders.jpg
  artifactKey: Guid(bd6b0c8578de25e41a31daa3a7fd4dc1) Importer(815301076,1909f56bfc062723c751e8b465ee728b)
Start importing Assets/EasyRoads3D/images/folders.jpg using Guid(bd6b0c8578de25e41a31daa3a7fd4dc1) Importer(815301076,1909f56bfc062723c751e8b465ee728b)  -> (artifact id: 'aedb19479a80f8507fabf2216135e8da') in 0.011131 seconds
Number of updated asset objects reloaded before import = 0
Number of asset objects unloaded after import = 2
========================================================================
Received Import Request.
  Time since last request: 0.003304 seconds.
  path: Assets/Bakery/examples/content/logolight.fbm/ftlogo.psd
  artifactKey: Guid(c2c83f67e20a2a541961a1e8baa44b41) Importer(815301076,1909f56bfc062723c751e8b465ee728b)
Start importing Assets/Bakery/examples/content/logolight.fbm/ftlogo.psd using Guid(c2c83f67e20a2a541961a1e8baa44b41) Importer(815301076,1909f56bfc062723c751e8b465ee728b)  -> (artifact id: '8793564165605d6914095fabb4fa8c30') in 0.015583 seconds
Number of updated asset objects reloaded before import = 0
Number of asset objects unloaded after import = 2
========================================================================
Received Import Request.
  Time since last request: 0.000014 seconds.
  path: Assets/EasyRoads3D/images/general_settings.jpg
  artifactKey: Guid(5a761b5bbd67897498f935fc0b217158) Importer(815301076,1909f56bfc062723c751e8b465ee728b)
Start importing Assets/EasyRoads3D/images/general_settings.jpg using Guid(5a761b5bbd67897498f935fc0b217158) Importer(815301076,1909f56bfc062723c751e8b465ee728b)  -> (artifact id: '284f201204b784c77d5742d0a7652e1d') in 0.013266 seconds
Number of updated asset objects reloaded before import = 0
Number of asset objects unloaded after import = 2
========================================================================
Received Import Request.
  Time since last request: 0.005967 seconds.
  path: Assets/EasyRoads3D/images/generalCrossingSettings.jpg
  artifactKey: Guid(84cadde5025afde4e9cfb352f013591f) Importer(815301076,1909f56bfc062723c751e8b465ee728b)
Start importing Assets/EasyRoads3D/images/generalCrossingSettings.jpg using Guid(84cadde5025afde4e9cfb352f013591f) Importer(815301076,1909f56bfc062723c751e8b465ee728b)  -> (artifact id: '3bc23ce8b424e2f4545be707cba8a51d') in 0.010435 seconds
Number of updated asset objects reloaded before import = 0
Number of asset objects unloaded after import = 2
========================================================================
Received Import Request.
  Time since last request: 0.061672 seconds.
  path: Assets/TerrainTexturesPackFree/TerrainTextures/GrassUV01.png
  artifactKey: Guid(94e5dd2784ae3a44a930dba86cba9f6e) Importer(815301076,1909f56bfc062723c751e8b465ee728b)
Start importing Assets/TerrainTexturesPackFree/TerrainTextures/GrassUV01.png using Guid(94e5dd2784ae3a44a930dba86cba9f6e) Importer(815301076,1909f56bfc062723c751e8b465ee728b)  -> (artifact id: '273671907c9d172af9a412033842a57a') in 0.381737 seconds
Number of updated asset objects reloaded before import = 0
Number of asset objects unloaded after import = 2
========================================================================
Received Import Request.
  Time since last request: 0.000027 seconds.
  path: Assets/TerrainTexturesPackFree/TerrainTextures/GrassUV02_N.png
  artifactKey: Guid(db6b5112f8b3bcf478707e82ef048e88) Importer(815301076,1909f56bfc062723c751e8b465ee728b)
Start importing Assets/TerrainTexturesPackFree/TerrainTextures/GrassUV02_N.png using Guid(db6b5112f8b3bcf478707e82ef048e88) Importer(815301076,1909f56bfc062723c751e8b465ee728b)  -> (artifact id: 'b75f3035378d75f86fec7bde62ef0bef') in 0.412309 seconds
Number of updated asset objects reloaded before import = 0
Number of asset objects unloaded after import = 2
========================================================================
Received Import Request.
  Time since last request: 0.618569 seconds.
  path: Assets/EasyRoads3D/images/greenRedHandles.jpg
  artifactKey: Guid(994ae06ff98d5f245b11547d9ebdc4f3) Importer(815301076,1909f56bfc062723c751e8b465ee728b)
Start importing Assets/EasyRoads3D/images/greenRedHandles.jpg using Guid(994ae06ff98d5f245b11547d9ebdc4f3) Importer(815301076,1909f56bfc062723c751e8b465ee728b)  -> (artifact id: '1d7b9f741796561eecb5946e765c1a58') in 0.013622 seconds
Number of updated asset objects reloaded before import = 0
Number of asset objects unloaded after import = 2
========================================================================
Received Import Request.
  Time since last request: 0.000020 seconds.
  path: Assets/TerrainTexturesPackFree/TerrainTextures/GroundCracked01.png
  artifactKey: Guid(a87cbf62329d56d4681d92302095915c) Importer(815301076,1909f56bfc062723c751e8b465ee728b)
Start importing Assets/TerrainTexturesPackFree/TerrainTextures/GroundCracked01.png using Guid(a87cbf62329d56d4681d92302095915c) Importer(815301076,1909f56bfc062723c751e8b465ee728b)  -> (artifact id: '0e5a2f0430f7fa4762b52d1ecc1fc419') in 0.051558 seconds
Number of updated asset objects reloaded before import = 0
Number of asset objects unloaded after import = 2
========================================================================
Received Import Request.
  Time since last request: 0.000048 seconds.
  path: Assets/TerrainTexturesPackFree/TerrainTextures/GroundDryLeaves01_N.png
  artifactKey: Guid(e39dfb80d9815f14da82c65960519b23) Importer(815301076,1909f56bfc062723c751e8b465ee728b)
Start importing Assets/TerrainTexturesPackFree/TerrainTextures/GroundDryLeaves01_N.png using Guid(e39dfb80d9815f14da82c65960519b23) Importer(815301076,1909f56bfc062723c751e8b465ee728b)  -> (artifact id: 'dd021f0224437c1a50bde0ebb8b1a719') in 0.136011 seconds
Number of updated asset objects reloaded before import = 0
Number of asset objects unloaded after import = 2
========================================================================
Received Import Request.
  Time since last request: 0.000020 seconds.
  path: Assets/EasyRoads3D/images/home.jpg
  artifactKey: Guid(3b39af9cdf13d3143bb35d0fc023287b) Importer(815301076,1909f56bfc062723c751e8b465ee728b)
Start importing Assets/EasyRoads3D/images/home.jpg using Guid(3b39af9cdf13d3143bb35d0fc023287b) Importer(815301076,1909f56bfc062723c751e8b465ee728b)  -> (artifact id: '82cde71d699c1d840dde925a2d67a57a') in 0.016707 seconds
Number of updated asset objects reloaded before import = 0
Number of asset objects unloaded after import = 2
========================================================================
Received Import Request.
  Time since last request: 0.000070 seconds.
  path: Assets/EasyRoads3D/images/IConnectorTexture.jpg
  artifactKey: Guid(a85fa2230c8f7d841a128df85b794e47) Importer(815301076,1909f56bfc062723c751e8b465ee728b)
Start importing Assets/EasyRoads3D/images/IConnectorTexture.jpg using Guid(a85fa2230c8f7d841a128df85b794e47) Importer(815301076,1909f56bfc062723c751e8b465ee728b)  -> (artifact id: '38873ec0632aaa4d1ecfa1d77b79adc3') in 0.010837 seconds
Number of updated asset objects reloaded before import = 0
Number of asset objects unloaded after import = 2
========================================================================
Received Import Request.
  Time since last request: 0.000012 seconds.
  path: Assets/Magic Light Probes/Examples/Indoor/Indoor_LM0_mask.tga
  artifactKey: Guid(e06dbf5531d0fe249b53be6c84edf061) Importer(815301076,1909f56bfc062723c751e8b465ee728b)
Start importing Assets/Magic Light Probes/Examples/Indoor/Indoor_LM0_mask.tga using Guid(e06dbf5531d0fe249b53be6c84edf061) Importer(815301076,1909f56bfc062723c751e8b465ee728b)  -> (artifact id: 'b3b3ad95eb4a699b81270c045e0642e6') in 0.130584 seconds
Number of updated asset objects reloaded before import = 0
Number of asset objects unloaded after import = 2
========================================================================
Received Import Request.
  Time since last request: 0.000019 seconds.
  path: Assets/Magic Light Probes/Examples/Indoor/Indoor_LMA2_final.hdr
  artifactKey: Guid(ccd7394f77f0dbb4e80b44f4b838b2f0) Importer(815301076,1909f56bfc062723c751e8b465ee728b)
Start importing Assets/Magic Light Probes/Examples/Indoor/Indoor_LMA2_final.hdr using Guid(ccd7394f77f0dbb4e80b44f4b838b2f0) Importer(815301076,1909f56bfc062723c751e8b465ee728b)  -> (artifact id: '51b22649e2dad7964d568baf4d8399c1') in 0.070294 seconds
Number of updated asset objects reloaded before import = 0
Number of asset objects unloaded after import = 2
========================================================================
Received Import Request.
  Time since last request: 0.000036 seconds.
  path: Assets/Bakery/examples/content/sponza/bush.fbm/kust.png
  artifactKey: Guid(b013711405ef8fd4c90d13acde9e5937) Importer(815301076,1909f56bfc062723c751e8b465ee728b)
Start importing Assets/Bakery/examples/content/sponza/bush.fbm/kust.png using Guid(b013711405ef8fd4c90d13acde9e5937) Importer(815301076,1909f56bfc062723c751e8b465ee728b)  -> (artifact id: '99de0da0b877a09bc34c7a26ae6eb028') in 0.014483 seconds
Number of updated asset objects reloaded before import = 0
Number of asset objects unloaded after import = 2
========================================================================
Received Import Request.
  Time since last request: 0.000023 seconds.
  path: Assets/TextMesh Pro/Resources/Fonts & Materials/LiberationSans SDF - Fallback.asset
  artifactKey: Guid(2e498d1c8094910479dc3e1b768306a4) Importer(815301076,1909f56bfc062723c751e8b465ee728b)
Start importing Assets/TextMesh Pro/Resources/Fonts & Materials/LiberationSans SDF - Fallback.asset using Guid(2e498d1c8094910479dc3e1b768306a4) Importer(815301076,1909f56bfc062723c751e8b465ee728b)  -> (artifact id: 'eaa5ab349f91cbce5a5a70740bbcb7f7') in 0.027921 seconds
Number of updated asset objects reloaded before import = 0
Number of asset objects unloaded after import = 6
========================================================================
Received Import Request.
  Time since last request: 0.000021 seconds.
  path: Assets/EasyRoads3D/images/licenseInfo.jpg
  artifactKey: Guid(57b96c47a86e5374298ebb959583a494) Importer(815301076,1909f56bfc062723c751e8b465ee728b)
Start importing Assets/EasyRoads3D/images/licenseInfo.jpg using Guid(57b96c47a86e5374298ebb959583a494) Importer(815301076,1909f56bfc062723c751e8b465ee728b)  -> (artifact id: '49c88c52cc0416cf51a451b169ceb11c') in 0.012226 seconds
Number of updated asset objects reloaded before import = 0
Number of asset objects unloaded after import = 2
========================================================================
Received Import Request.
  Time since last request: 0.000013 seconds.
  path: Assets/Bakery/examples/lightmaps/LMGroup_Plane_directional_final.hdr
  artifactKey: Guid(525305ab7b71c2943aa0402f6c9d4ad0) Importer(815301076,1909f56bfc062723c751e8b465ee728b)
Start importing Assets/Bakery/examples/lightmaps/LMGroup_Plane_directional_final.hdr using Guid(525305ab7b71c2943aa0402f6c9d4ad0) Importer(815301076,1909f56bfc062723c751e8b465ee728b)  -> (artifact id: 'fb636ef5b1847fe2ebf222a8bd6408c7') in 0.012278 seconds
Number of updated asset objects reloaded before import = 0
Number of asset objects unloaded after import = 2
========================================================================
Received Import Request.
  Time since last request: 0.000015 seconds.
  path: Assets/Bakery/examples/lightmaps/LMGroup_Plane_RNM_RNM2.hdr
  artifactKey: Guid(3caf77d131f85c549828ba91e93e2536) Importer(815301076,1909f56bfc062723c751e8b465ee728b)
Start importing Assets/Bakery/examples/lightmaps/LMGroup_Plane_RNM_RNM2.hdr using Guid(3caf77d131f85c549828ba91e93e2536) Importer(815301076,1909f56bfc062723c751e8b465ee728b)  -> (artifact id: '586a485a6173f0f92779ec3727b3002b') in 0.014731 seconds
Number of updated asset objects reloaded before import = 0
Number of asset objects unloaded after import = 2
========================================================================
Received Import Request.
  Time since last request: 0.000013 seconds.
  path: Assets/TerrainTexturesPackFree/TerrainTextures/GroundStones01_N.png
  artifactKey: Guid(63312008529ed1d4bab4d57c204bae7a) Importer(815301076,1909f56bfc062723c751e8b465ee728b)
Start importing Assets/TerrainTexturesPackFree/TerrainTextures/GroundStones01_N.png using Guid(63312008529ed1d4bab4d57c204bae7a) Importer(815301076,1909f56bfc062723c751e8b465ee728b)  -> (artifact id: 'dda9f9e6f37c1e1d4c06c85e97016af5') in 0.116847 seconds
Number of updated asset objects reloaded before import = 0
Number of asset objects unloaded after import = 2
========================================================================
Received Import Request.
  Time since last request: 0.000017 seconds.
  path: Assets/Bakery/examples/lightmaps/LMGroup_Plane_SH_L1z.tga
  artifactKey: Guid(283e4ac691381b542a0492f9af55743e) Importer(815301076,1909f56bfc062723c751e8b465ee728b)
Start importing Assets/Bakery/examples/lightmaps/LMGroup_Plane_SH_L1z.tga using Guid(283e4ac691381b542a0492f9af55743e) Importer(815301076,1909f56bfc062723c751e8b465ee728b)  -> (artifact id: '763dd56b536df4c6ba96ed346690bbcf') in 0.014164 seconds
Number of updated asset objects reloaded before import = 0
Number of asset objects unloaded after import = 2
========================================================================
Received Import Request.
  Time since last request: 0.000024 seconds.
  path: Assets/EasyRoads3D/images/lodgroups.jpg
  artifactKey: Guid(e4f82d274f9dbf242b87ac388f7135fa) Importer(815301076,1909f56bfc062723c751e8b465ee728b)
Start importing Assets/EasyRoads3D/images/lodgroups.jpg using Guid(e4f82d274f9dbf242b87ac388f7135fa) Importer(815301076,1909f56bfc062723c751e8b465ee728b)  -> (artifact id: '5d69cb701200d59e59eed208e47f8edc') in 0.012308 seconds
Number of updated asset objects reloaded before import = 0
Number of asset objects unloaded after import = 2
========================================================================
Received Import Request.
  Time since last request: 0.000014 seconds.
  path: Assets/TerrainTexturesPackFree/TerrainTextures/GroundDryLeaves01.png
  artifactKey: Guid(3f893818068c13c498261af150bea6f3) Importer(815301076,1909f56bfc062723c751e8b465ee728b)
Start importing Assets/TerrainTexturesPackFree/TerrainTextures/GroundDryLeaves01.png using Guid(3f893818068c13c498261af150bea6f3) Importer(815301076,1909f56bfc062723c751e8b465ee728b)  -> (artifact id: '2cacf942048d81d62bdc5f11a080963a') in 0.082782 seconds
Number of updated asset objects reloaded before import = 0
Number of asset objects unloaded after import = 2
========================================================================
Received Import Request.
  Time since last request: 0.000014 seconds.
  path: Assets/Bakery/examples/lightmaps/LMGroup_Plane_RNM_RNM1.hdr
  artifactKey: Guid(ab8844fa5f817a349ba780e291a11bff) Importer(815301076,1909f56bfc062723c751e8b465ee728b)
Start importing Assets/Bakery/examples/lightmaps/LMGroup_Plane_RNM_RNM1.hdr using Guid(ab8844fa5f817a349ba780e291a11bff) Importer(815301076,1909f56bfc062723c751e8b465ee728b)  -> (artifact id: 'cca854dff6094b2979b3955e51cb1ae6') in 0.011598 seconds
Number of updated asset objects reloaded before import = 0
Number of asset objects unloaded after import = 2
========================================================================
Received Import Request.
  Time since last request: 0.000014 seconds.
  path: Assets/Magic Light Probes/Examples/Indoor/Indoor_LMA2_mask.tga
  artifactKey: Guid(70d836831fcaa6a49a0ce3a4194cd363) Importer(815301076,1909f56bfc062723c751e8b465ee728b)
Start importing Assets/Magic Light Probes/Examples/Indoor/Indoor_LMA2_mask.tga using Guid(70d836831fcaa6a49a0ce3a4194cd363) Importer(815301076,1909f56bfc062723c751e8b465ee728b)  -> (artifact id: 'e7041d2c63fc0ba967201b440ec766c2') in 0.070072 seconds
Number of updated asset objects reloaded before import = 0
Number of asset objects unloaded after import = 2
========================================================================
Received Import Request.
  Time since last request: 0.000019 seconds.
  path: Assets/EasyRoads3D/images/menu.jpg
  artifactKey: Guid(65a766fcc9130b24c81cd3806e1f8649) Importer(815301076,1909f56bfc062723c751e8b465ee728b)
Start importing Assets/EasyRoads3D/images/menu.jpg using Guid(65a766fcc9130b24c81cd3806e1f8649) Importer(815301076,1909f56bfc062723c751e8b465ee728b)  -> (artifact id: '472c57b294e6a871afede7af2f89859f') in 0.014597 seconds
Number of updated asset objects reloaded before import = 0
Number of asset objects unloaded after import = 2
========================================================================
Received Import Request.
  Time since last request: 0.000027 seconds.
  path: Assets/EasyRoads3D/images/meshEditor.jpg
  artifactKey: Guid(91f0d53d1ce576e40b2a493c2c93a003) Importer(815301076,1909f56bfc062723c751e8b465ee728b)
Start importing Assets/EasyRoads3D/images/meshEditor.jpg using Guid(91f0d53d1ce576e40b2a493c2c93a003) Importer(815301076,1909f56bfc062723c751e8b465ee728b)  -> (artifact id: 'e6503cd46f6996b1964a70d8d44a5df1') in 0.027779 seconds
Number of updated asset objects reloaded before import = 0
Number of asset objects unloaded after import = 2
========================================================================
Received Import Request.
  Time since last request: 0.000014 seconds.
  path: Assets/Bakery/examples/content/sponza/sponza.fbm/lion.png
  artifactKey: Guid(f3d786bc212949f4ebe652975cff9a98) Importer(815301076,1909f56bfc062723c751e8b465ee728b)
Start importing Assets/Bakery/examples/content/sponza/sponza.fbm/lion.png using Guid(f3d786bc212949f4ebe652975cff9a98) Importer(815301076,1909f56bfc062723c751e8b465ee728b)  -> (artifact id: '03d5ef1714d45b4443f51e1054d9ab7c') in 0.016600 seconds
Number of updated asset objects reloaded before import = 0
Number of asset objects unloaded after import = 2
========================================================================
Received Import Request.
  Time since last request: 0.000015 seconds.
  path: Assets/EasyRoads3D/images/namingConventionStartEnd.jpg
  artifactKey: Guid(238941481cb0680418d2f0794143fcd3) Importer(815301076,1909f56bfc062723c751e8b465ee728b)
Start importing Assets/EasyRoads3D/images/namingConventionStartEnd.jpg using Guid(238941481cb0680418d2f0794143fcd3) Importer(815301076,1909f56bfc062723c751e8b465ee728b)  -> (artifact id: '4f3be4a9914eb7688cc0680df3be05f6') in 0.018733 seconds
Number of updated asset objects reloaded before import = 0
Number of asset objects unloaded after import = 2
========================================================================
Received Import Request.
  Time since last request: 0.000016 seconds.
  path: Assets/EasyRoads3D/images/nextTop.jpg
  artifactKey: Guid(d8a07c980769cde42a321f319e27aa02) Importer(815301076,1909f56bfc062723c751e8b465ee728b)
Start importing Assets/EasyRoads3D/images/nextTop.jpg using Guid(d8a07c980769cde42a321f319e27aa02) Importer(815301076,1909f56bfc062723c751e8b465ee728b)  -> (artifact id: '513a8140f9aee0c81502937d0081f0ed') in 0.015755 seconds
Number of updated asset objects reloaded before import = 0
Number of asset objects unloaded after import = 2
========================================================================
Received Import Request.
  Time since last request: 0.000019 seconds.
  path: Assets/VolumetricLightBeam/Resources/Noise3D_64x64x64.asset
  artifactKey: Guid(e4c4c1cbfaa63db45b17891f8f2caf6d) Importer(815301076,1909f56bfc062723c751e8b465ee728b)
Start importing Assets/VolumetricLightBeam/Resources/Noise3D_64x64x64.asset using Guid(e4c4c1cbfaa63db45b17891f8f2caf6d) Importer(815301076,1909f56bfc062723c751e8b465ee728b)  -> (artifact id: '582dd8d53fdc3dd8e3d1d285bcbb35dc') in 0.038023 seconds
Number of updated asset objects reloaded before import = 0
Number of asset objects unloaded after import = 1
========================================================================
Received Import Request.
  Time since last request: 1.268988 seconds.
  path: Assets/EasyRoads3D/images/previousTop.jpg
  artifactKey: Guid(85add87792d6f3b4abd6f67cd031a1f1) Importer(815301076,1909f56bfc062723c751e8b465ee728b)
Start importing Assets/EasyRoads3D/images/previousTop.jpg using Guid(85add87792d6f3b4abd6f67cd031a1f1) Importer(815301076,1909f56bfc062723c751e8b465ee728b)  -> (artifact id: '136d905f583e0642f533cfd0d024ded6') in 0.012945 seconds
Number of updated asset objects reloaded before import = 0
Number of asset objects unloaded after import = 2
========================================================================
Received Import Request.
  Time since last request: 0.148943 seconds.
  path: Assets/EasyRoads3D/images/roadCamFlyOver.jpg
  artifactKey: Guid(e1ce7714e6f6eea4c9a12dda3a5f7a3d) Importer(815301076,1909f56bfc062723c751e8b465ee728b)
Start importing Assets/EasyRoads3D/images/roadCamFlyOver.jpg using Guid(e1ce7714e6f6eea4c9a12dda3a5f7a3d) Importer(815301076,1909f56bfc062723c751e8b465ee728b)  -> (artifact id: 'e8a91fa7c9a12b987e31faff83f87909') in 0.011358 seconds
Number of updated asset objects reloaded before import = 0
Number of asset objects unloaded after import = 2
========================================================================
Received Import Request.
  Time since last request: 0.107783 seconds.
  path: Assets/EasyRoads3D/images/roadMenu.jpg
  artifactKey: Guid(30e0837fdf5463944a45afd2cb359a6c) Importer(815301076,1909f56bfc062723c751e8b465ee728b)
Start importing Assets/EasyRoads3D/images/roadMenu.jpg using Guid(30e0837fdf5463944a45afd2cb359a6c) Importer(815301076,1909f56bfc062723c751e8b465ee728b)  -> (artifact id: '445b3e1ff984d9b94716d94852e4f5d2') in 0.012503 seconds
Number of updated asset objects reloaded before import = 0
Number of asset objects unloaded after import = 2
========================================================================
Received Import Request.
  Time since last request: 0.004799 seconds.
  path: Assets/EasyRoads3D/images/roadSettingsLess.jpg
  artifactKey: Guid(18e8a1608a4119b4a865bc2097f897ea) Importer(815301076,1909f56bfc062723c751e8b465ee728b)
Start importing Assets/EasyRoads3D/images/roadSettingsLess.jpg using Guid(18e8a1608a4119b4a865bc2097f897ea) Importer(815301076,1909f56bfc062723c751e8b465ee728b)  -> (artifact id: '5e37e4b4e74aebdfaeb00009f48c5fd7') in 0.012362 seconds
Number of updated asset objects reloaded before import = 0
Number of asset objects unloaded after import = 2
========================================================================
Received Import Request.
  Time since last request: 0.053630 seconds.
  path: Assets/EasyRoads3D/images/roadTypes.jpg
  artifactKey: Guid(41bdd0260f990ac4a9906695b8542c01) Importer(815301076,1909f56bfc062723c751e8b465ee728b)
Start importing Assets/EasyRoads3D/images/roadTypes.jpg using Guid(41bdd0260f990ac4a9906695b8542c01) Importer(815301076,1909f56bfc062723c751e8b465ee728b)  -> (artifact id: '3481f28972b3c48b06f1a4417843eff3') in 0.012647 seconds
Number of updated asset objects reloaded before import = 0
Number of asset objects unloaded after import = 2
========================================================================
Received Import Request.
  Time since last request: 0.037811 seconds.
  path: Assets/Scenes/VRCDefaultWorldScene/SampleAssetsSet_V1_phong1_MetallicSmoothness.png
  artifactKey: Guid(28f3aaaa134307c4f8651a4977aa9e92) Importer(815301076,1909f56bfc062723c751e8b465ee728b)
Start importing Assets/Scenes/VRCDefaultWorldScene/SampleAssetsSet_V1_phong1_MetallicSmoothness.png using Guid(28f3aaaa134307c4f8651a4977aa9e92) Importer(815301076,1909f56bfc062723c751e8b465ee728b)  -> (artifact id: '322be5e1136d15714c0a797f394cb317') in 0.011737 seconds
Number of updated asset objects reloaded before import = 0
Number of asset objects unloaded after import = 2
========================================================================
Received Import Request.
  Time since last request: 0.001461 seconds.
  path: Assets/EasyRoads3D/images/scenecontrol.jpg
  artifactKey: Guid(3067487d44eaec24c97eb8f60cd622c1) Importer(815301076,1909f56bfc062723c751e8b465ee728b)
Start importing Assets/EasyRoads3D/images/scenecontrol.jpg using Guid(3067487d44eaec24c97eb8f60cd622c1) Importer(815301076,1909f56bfc062723c751e8b465ee728b)  -> (artifact id: '22203937159e376e553d1ab3345496c4') in 0.012200 seconds
Number of updated asset objects reloaded before import = 0
Number of asset objects unloaded after import = 2
========================================================================
Received Import Request.
  Time since last request: 0.046850 seconds.
  path: Assets/Bakery/examples/content/semiEmissive.bmp
  artifactKey: Guid(b1b04c93a8ff6ef4595b342727800fe7) Importer(815301076,1909f56bfc062723c751e8b465ee728b)
Start importing Assets/Bakery/examples/content/semiEmissive.bmp using Guid(b1b04c93a8ff6ef4595b342727800fe7) Importer(815301076,1909f56bfc062723c751e8b465ee728b)  -> (artifact id: '55c51c1a7276dca97420742594f2ed79') in 0.032492 seconds
Number of updated asset objects reloaded before import = 0
Number of asset objects unloaded after import = 2
========================================================================
Received Import Request.
  Time since last request: 0.005893 seconds.
  path: Assets/EasyRoads3D/images/shapeEditor.jpg
  artifactKey: Guid(0021c2c8070b2ce4eb752b757fe4e309) Importer(815301076,1909f56bfc062723c751e8b465ee728b)
Start importing Assets/EasyRoads3D/images/shapeEditor.jpg using Guid(0021c2c8070b2ce4eb752b757fe4e309) Importer(815301076,1909f56bfc062723c751e8b465ee728b)  -> (artifact id: '1dd0e44d202691d016137b40f2892843') in 0.013659 seconds
Number of updated asset objects reloaded before import = 0
Number of asset objects unloaded after import = 2
========================================================================
Received Import Request.
  Time since last request: 0.299571 seconds.
  path: Assets/VolumetricLightBeam/Editor/Icons/SkewingHandle_icon.png
  artifactKey: Guid(96c382e4368041b4aad93aed0a833e2b) Importer(815301076,1909f56bfc062723c751e8b465ee728b)
Start importing Assets/VolumetricLightBeam/Editor/Icons/SkewingHandle_icon.png using Guid(96c382e4368041b4aad93aed0a833e2b) Importer(815301076,1909f56bfc062723c751e8b465ee728b)  -> (artifact id: 'dd30774911eba2228f3dad7606e7bdb6') in 0.013321 seconds
Number of updated asset objects reloaded before import = 0
Number of asset objects unloaded after import = 2
========================================================================
Received Import Request.
  Time since last request: 0.000021 seconds.
  path: Assets/URBAN CITY PACKAGE/Sky/sky daylight.png
  artifactKey: Guid(0aa77cc8ffe7b72418b84c54ff541c16) Importer(815301076,1909f56bfc062723c751e8b465ee728b)
Start importing Assets/URBAN CITY PACKAGE/Sky/sky daylight.png using Guid(0aa77cc8ffe7b72418b84c54ff541c16) Importer(815301076,1909f56bfc062723c751e8b465ee728b)  -> (artifact id: 'f091fc36ae831c5eed6c51a1da78258c') in 0.103469 seconds
Number of updated asset objects reloaded before import = 0
Number of asset objects unloaded after import = 1
========================================================================
Received Import Request.
  Time since last request: 0.000018 seconds.
  path: Assets/EasyRoads3D/images/soSceneViewUI.jpg
  artifactKey: Guid(5c3366c05c227cb42992153105776f5c) Importer(815301076,1909f56bfc062723c751e8b465ee728b)
Start importing Assets/EasyRoads3D/images/soSceneViewUI.jpg using Guid(5c3366c05c227cb42992153105776f5c) Importer(815301076,1909f56bfc062723c751e8b465ee728b)  -> (artifact id: '644f8e9ab9d14bf301655fd9eddf7ef6') in 0.014392 seconds
Number of updated asset objects reloaded before import = 0
Number of asset objects unloaded after import = 2
========================================================================
Received Import Request.
  Time since last request: 0.000019 seconds.
  path: Assets/EasyRoads3D/images/soShapeInspector.jpg
  artifactKey: Guid(b77ba33817849054098b0d147696fbbf) Importer(815301076,1909f56bfc062723c751e8b465ee728b)
Start importing Assets/EasyRoads3D/images/soShapeInspector.jpg using Guid(b77ba33817849054098b0d147696fbbf) Importer(815301076,1909f56bfc062723c751e8b465ee728b)  -> (artifact id: 'c7f8c40d0c8019dde0475a947aee6dba') in 0.014651 seconds
Number of updated asset objects reloaded before import = 0
Number of asset objects unloaded after import = 2
========================================================================
Received Import Request.
  Time since last request: 0.020420 seconds.
  path: Assets/Magic Light Probes/Examples/Example Terrain.asset
  artifactKey: Guid(820e8660ad1b09740bf2ca26b5da0bdf) Importer(815301076,1909f56bfc062723c751e8b465ee728b)
Start importing Assets/Magic Light Probes/Examples/Example Terrain.asset using Guid(820e8660ad1b09740bf2ca26b5da0bdf) Importer(815301076,1909f56bfc062723c751e8b465ee728b)  -> (artifact id: 'fb873d271cda28227b49e3f4946d88e8') in 0.039057 seconds
Number of updated asset objects reloaded before import = 0
Number of asset objects unloaded after import = 3
========================================================================
Received Import Request.
  Time since last request: 0.000041 seconds.
  path: Assets/Bakery/examples/content/sponza/sponza.fbm/sponza_column_a_diff.png
  artifactKey: Guid(ea809144b1bcd014799678ae41ff1fbc) Importer(815301076,1909f56bfc062723c751e8b465ee728b)
Start importing Assets/Bakery/examples/content/sponza/sponza.fbm/sponza_column_a_diff.png using Guid(ea809144b1bcd014799678ae41ff1fbc) Importer(815301076,1909f56bfc062723c751e8b465ee728b)  -> (artifact id: '5f6bf409628f279292b67b789d84abf0') in 0.012968 seconds
Number of updated asset objects reloaded before import = 0
Number of asset objects unloaded after import = 2
========================================================================
Received Import Request.
  Time since last request: 0.004308 seconds.
  path: Assets/Bakery/examples/content/sponza/sponza.fbm/sponza_column_c_diff.png
  artifactKey: Guid(4595847f20c2c344789ed459cec8e799) Importer(815301076,1909f56bfc062723c751e8b465ee728b)
Start importing Assets/Bakery/examples/content/sponza/sponza.fbm/sponza_column_c_diff.png using Guid(4595847f20c2c344789ed459cec8e799) Importer(815301076,1909f56bfc062723c751e8b465ee728b)  -> (artifact id: 'c16bae5d79e8b5c5a3c959dcae44eca8') in 0.014208 seconds
Number of updated asset objects reloaded before import = 0
Number of asset objects unloaded after import = 2
========================================================================
Received Import Request.
  Time since last request: 0.015024 seconds.
  path: Assets/Bakery/examples/content/sponza/sponza.fbm/sponza_curtain_diff.png
  artifactKey: Guid(bd1f606b965b9c1498929217ffe65f96) Importer(815301076,1909f56bfc062723c751e8b465ee728b)
Start importing Assets/Bakery/examples/content/sponza/sponza.fbm/sponza_curtain_diff.png using Guid(bd1f606b965b9c1498929217ffe65f96) Importer(815301076,1909f56bfc062723c751e8b465ee728b)  -> (artifact id: 'd1aca9de1088bac2e67c2d3872fee270') in 0.056328 seconds
Number of updated asset objects reloaded before import = 0
Number of asset objects unloaded after import = 2
========================================================================
Received Import Request.
  Time since last request: 0.017296 seconds.
  path: Assets/Bakery/examples/content/sponza/sponza.fbm/sponza_fabric_diff.png
  artifactKey: Guid(1da30eb44a3fef44c94483036227e02a) Importer(815301076,1909f56bfc062723c751e8b465ee728b)
Start importing Assets/Bakery/examples/content/sponza/sponza.fbm/sponza_fabric_diff.png using Guid(1da30eb44a3fef44c94483036227e02a) Importer(815301076,1909f56bfc062723c751e8b465ee728b)  -> (artifact id: 'b9c3035b0313d7a98a9ca2f7c89814dc') in 0.016124 seconds
Number of updated asset objects reloaded before import = 0
Number of asset objects unloaded after import = 2
========================================================================
Received Import Request.
  Time since last request: 0.032794 seconds.
  path: Assets/Bakery/examples/content/sponza/sponza.fbm/sponza_flagpole_diff.png
  artifactKey: Guid(fb17a2099949e86418b82f7007486734) Importer(815301076,1909f56bfc062723c751e8b465ee728b)
Start importing Assets/Bakery/examples/content/sponza/sponza.fbm/sponza_flagpole_diff.png using Guid(fb17a2099949e86418b82f7007486734) Importer(815301076,1909f56bfc062723c751e8b465ee728b)  -> (artifact id: '566afa442fca98b4b517b9284d480dad') in 0.015520 seconds
Number of updated asset objects reloaded before import = 0
Number of asset objects unloaded after import = 2
========================================================================
Received Import Request.
  Time since last request: 0.000015 seconds.
  path: Assets/Bakery/examples/content/sponza/sponza.fbm/sponza_thorn_bump.png
  artifactKey: Guid(e51497f6aad3ac54fb5c780b0e9db096) Importer(815301076,1909f56bfc062723c751e8b465ee728b)
Start importing Assets/Bakery/examples/content/sponza/sponza.fbm/sponza_thorn_bump.png using Guid(e51497f6aad3ac54fb5c780b0e9db096) Importer(815301076,1909f56bfc062723c751e8b465ee728b)  -> (artifact id: 'fdc7e6670563012bd251848686052e0d') in 0.012419 seconds
Number of updated asset objects reloaded before import = 0
Number of asset objects unloaded after import = 2
========================================================================
Received Import Request.
  Time since last request: 0.065475 seconds.
  path: Assets/Bakery/examples/content/stainedglass.png
  artifactKey: Guid(99d95ea54afd895459384cec558dc940) Importer(815301076,1909f56bfc062723c751e8b465ee728b)
Start importing Assets/Bakery/examples/content/stainedglass.png using Guid(99d95ea54afd895459384cec558dc940) Importer(815301076,1909f56bfc062723c751e8b465ee728b)  -> (artifact id: '9fc9c1106089fac9cf077ba8c8f2fc38') in 0.011548 seconds
Number of updated asset objects reloaded before import = 0
Number of asset objects unloaded after import = 2
========================================================================
Received Import Request.
  Time since last request: 1.833132 seconds.
  path: Assets/EasyRoads3D/images/terrain_build.jpg
  artifactKey: Guid(0b0eba77a8cbdc3448d592a410295153) Importer(815301076,1909f56bfc062723c751e8b465ee728b)
Start importing Assets/EasyRoads3D/images/terrain_build.jpg using Guid(0b0eba77a8cbdc3448d592a410295153) Importer(815301076,1909f56bfc062723c751e8b465ee728b)  -> (artifact id: '2117eaab535e06a2c5d75e5be873ec3f') in 0.010613 seconds
Number of updated asset objects reloaded before import = 0
Number of asset objects unloaded after import = 2
========================================================================
Received Import Request.
  Time since last request: 0.000427 seconds.
  path: Assets/EasyRoads3D/images/terrain_tab.jpg
  artifactKey: Guid(f12bff294680ae947b6efec59edb8beb) Importer(815301076,1909f56bfc062723c751e8b465ee728b)
Start importing Assets/EasyRoads3D/images/terrain_tab.jpg using Guid(f12bff294680ae947b6efec59edb8beb) Importer(815301076,1909f56bfc062723c751e8b465ee728b)  -> (artifact id: 'a39c4b3c97ac6a911bd518f1d59c8e86') in 0.011608 seconds
Number of updated asset objects reloaded before import = 0
Number of asset objects unloaded after import = 2
========================================================================
Received Import Request.
  Time since last request: 0.033120 seconds.
  path: Assets/Bakery/examples/content/testColors.png
  artifactKey: Guid(27264baeb532294478c4f3ae30b0df84) Importer(815301076,1909f56bfc062723c751e8b465ee728b)
Start importing Assets/Bakery/examples/content/testColors.png using Guid(27264baeb532294478c4f3ae30b0df84) Importer(815301076,1909f56bfc062723c751e8b465ee728b)  -> (artifact id: 'c81a71c383beb5344a0afe700cd1c382') in 0.011914 seconds
Number of updated asset objects reloaded before import = 0
Number of asset objects unloaded after import = 2
========================================================================
Received Import Request.
  Time since last request: 0.000018 seconds.
  path: Assets/VRCPlayersOnlyMirror/Textures/ToggleCheckbox.png
  artifactKey: Guid(8cae99b88bebe4347834091cfbf15f21) Importer(815301076,1909f56bfc062723c751e8b465ee728b)
Start importing Assets/VRCPlayersOnlyMirror/Textures/ToggleCheckbox.png using Guid(8cae99b88bebe4347834091cfbf15f21) Importer(815301076,1909f56bfc062723c751e8b465ee728b)  -> (artifact id: '7803ef0a43e2a030488e899ce7d48f20') in 0.024393 seconds
Number of updated asset objects reloaded before import = 0
Number of asset objects unloaded after import = 3
========================================================================
Received Import Request.
  Time since last request: 0.000011 seconds.
  path: Assets/EasyRoads3D/images/topRight.jpg
  artifactKey: Guid(04faded9744b86f4b98c0c0c55a7f99b) Importer(815301076,1909f56bfc062723c751e8b465ee728b)
Start importing Assets/EasyRoads3D/images/topRight.jpg using Guid(04faded9744b86f4b98c0c0c55a7f99b) Importer(815301076,1909f56bfc062723c751e8b465ee728b)  -> (artifact id: 'a7fc5baa032c5e07b5596ba549ba1433') in 0.011626 seconds
Number of updated asset objects reloaded before import = 0
Number of asset objects unloaded after import = 2
========================================================================
Received Import Request.
  Time since last request: 0.009989 seconds.
  path: Assets/VolumetricLightBeam/Editor/Icons/TrackRealtimeChangesOnLight_button.png
  artifactKey: Guid(c7101e7dd11772c44b7977bcc3d30042) Importer(815301076,1909f56bfc062723c751e8b465ee728b)
Start importing Assets/VolumetricLightBeam/Editor/Icons/TrackRealtimeChangesOnLight_button.png using Guid(c7101e7dd11772c44b7977bcc3d30042) Importer(815301076,1909f56bfc062723c751e8b465ee728b)  -> (artifact id: '4260b736b6c872e1c957310903c78c52') in 0.011298 seconds
Number of updated asset objects reloaded before import = 0
Number of asset objects unloaded after import = 2
========================================================================
Received Import Request.
  Time since last request: 0.000019 seconds.
  path: Assets/VolumetricLightBeam/Editor/Icons/TriggerZone_button.png
  artifactKey: Guid(3fcfb96a95b4b82439ae47f4f060137c) Importer(815301076,1909f56bfc062723c751e8b465ee728b)
Start importing Assets/VolumetricLightBeam/Editor/Icons/TriggerZone_button.png using Guid(3fcfb96a95b4b82439ae47f4f060137c) Importer(815301076,1909f56bfc062723c751e8b465ee728b)  -> (artifact id: '1ae83c6f48a310f0b0502b6f864e7459') in 0.009437 seconds
Number of updated asset objects reloaded before import = 0
Number of asset objects unloaded after import = 2
========================================================================
Received Import Request.
  Time since last request: 0.005243 seconds.
  path: Assets/VolumetricLightBeam/Editor/Icons/TriggerZone_icon.png
  artifactKey: Guid(568401c2857b94943af27dc14afca0ae) Importer(815301076,1909f56bfc062723c751e8b465ee728b)
Start importing Assets/VolumetricLightBeam/Editor/Icons/TriggerZone_icon.png using Guid(568401c2857b94943af27dc14afca0ae) Importer(815301076,1909f56bfc062723c751e8b465ee728b)  -> (artifact id: '10674f8ddf4b55706a6664cec57fdecf') in 0.010571 seconds
Number of updated asset objects reloaded before import = 0
Number of asset objects unloaded after import = 2
========================================================================
Received Import Request.
  Time since last request: 0.048916 seconds.
  path: Assets/EasyRoads3D/images/uploafGalleryBG.jpg
  artifactKey: Guid(4a20efbedf07f2c49a3c7e43c94da20f) Importer(815301076,1909f56bfc062723c751e8b465ee728b)
Start importing Assets/EasyRoads3D/images/uploafGalleryBG.jpg using Guid(4a20efbedf07f2c49a3c7e43c94da20f) Importer(815301076,1909f56bfc062723c751e8b465ee728b)  -> (artifact id: 'ab28290151b7276bb5295a74670aa228') in 0.009637 seconds
Number of updated asset objects reloaded before import = 0
Number of asset objects unloaded after import = 2
========================================================================
Received Import Request.
  Time since last request: 1.463852 seconds.
  path: Assets/Bakery/examples/content/sponza/sponza.fbm/vase_bump.png
  artifactKey: Guid(ab9a8fec9e4175d4eaf9d3cb43df6450) Importer(815301076,1909f56bfc062723c751e8b465ee728b)
Start importing Assets/Bakery/examples/content/sponza/sponza.fbm/vase_bump.png using Guid(ab9a8fec9e4175d4eaf9d3cb43df6450) Importer(815301076,1909f56bfc062723c751e8b465ee728b)  -> (artifact id: '17eabe395cc8a1cfb5776827e0b98756') in 0.013039 seconds
Number of updated asset objects reloaded before import = 0
Number of asset objects unloaded after import = 2
========================================================================
Received Import Request.
  Time since last request: 0.000013 seconds.
  path: Assets/Bakery/examples/content/sponza/sponza.fbm/vase_plant.png
  artifactKey: Guid(5d1b622ece4e7cf4496941bb9cab0d79) Importer(815301076,1909f56bfc062723c751e8b465ee728b)
Start importing Assets/Bakery/examples/content/sponza/sponza.fbm/vase_plant.png using Guid(5d1b622ece4e7cf4496941bb9cab0d79) Importer(815301076,1909f56bfc062723c751e8b465ee728b)  -> (artifact id: 'b8ee45b8af72cfe2050cef5c54c0a456') in 0.015518 seconds
Number of updated asset objects reloaded before import = 0
Number of asset objects unloaded after import = 2
========================================================================
Received Import Request.
  Time since last request: 0.004120 seconds.
  path: Assets/Bakery/examples/content/sponza/sponza.fbm/vase_round_bump.png
  artifactKey: Guid(5c68bea6e1b07bf49b5bdb5bcc0a130e) Importer(815301076,1909f56bfc062723c751e8b465ee728b)
Start importing Assets/Bakery/examples/content/sponza/sponza.fbm/vase_round_bump.png using Guid(5c68bea6e1b07bf49b5bdb5bcc0a130e) Importer(815301076,1909f56bfc062723c751e8b465ee728b)  -> (artifact id: 'a390375bc0e4bcf12f059d16ea3049cc') in 0.013976 seconds
Number of updated asset objects reloaded before import = 0
Number of asset objects unloaded after import = 2
========================================================================
Received Import Request.
  Time since last request: 0.012457 seconds.
  path: Assets/Bakery/examples/content/vertexLM_text.png
  artifactKey: Guid(30ac1b79f815f6345968d1fe608692a3) Importer(815301076,1909f56bfc062723c751e8b465ee728b)
Start importing Assets/Bakery/examples/content/vertexLM_text.png using Guid(30ac1b79f815f6345968d1fe608692a3) Importer(815301076,1909f56bfc062723c751e8b465ee728b)  -> (artifact id: '80755cca46d65cb82649fc1a7df4376a') in 0.009572 seconds
Number of updated asset objects reloaded before import = 0
Number of asset objects unloaded after import = 2
========================================================================
Received Import Request.
  Time since last request: 0.003710 seconds.
  path: Assets/VolumetricLightBeam/Resources/VLBDitheringNoise.png
  artifactKey: Guid(52f46dcaae8132a4090a9a8d14ece711) Importer(815301076,1909f56bfc062723c751e8b465ee728b)
Start importing Assets/VolumetricLightBeam/Resources/VLBDitheringNoise.png using Guid(52f46dcaae8132a4090a9a8d14ece711) Importer(815301076,1909f56bfc062723c751e8b465ee728b)  -> (artifact id: '2f0c6694ffb91cc484870afb5bfb94f2') in 0.011040 seconds
Number of updated asset objects reloaded before import = 0
Number of asset objects unloaded after import = 2
========================================================================
Received Import Request.
  Time since last request: 0.013775 seconds.
  path: Assets/VolumetricLightBeam/Editor/Icons/VolumetricCookie_button.png
  artifactKey: Guid(dbfd5683708f62f4a88afbd49cb649a4) Importer(815301076,1909f56bfc062723c751e8b465ee728b)
Start importing Assets/VolumetricLightBeam/Editor/Icons/VolumetricCookie_button.png using Guid(dbfd5683708f62f4a88afbd49cb649a4) Importer(815301076,1909f56bfc062723c751e8b465ee728b)  -> (artifact id: '0c94130d57732ae62e7b69678532006b') in 0.009757 seconds
Number of updated asset objects reloaded before import = 0
Number of asset objects unloaded after import = 2
========================================================================
Received Import Request.
  Time since last request: 0.000014 seconds.
  path: Assets/VolumetricLightBeam/Editor/Icons/VolumetricDustParticles_icon.png
  artifactKey: Guid(54d50eb83191723439a591eeeb0eab84) Importer(815301076,1909f56bfc062723c751e8b465ee728b)
Start importing Assets/VolumetricLightBeam/Editor/Icons/VolumetricDustParticles_icon.png using Guid(54d50eb83191723439a591eeeb0eab84) Importer(815301076,1909f56bfc062723c751e8b465ee728b)  -> (artifact id: 'f0fdf4db83b288ad9d02e61c6562d660') in 0.012138 seconds
Number of updated asset objects reloaded before import = 0
Number of asset objects unloaded after import = 2
========================================================================
Received Import Request.
  Time since last request: 0.496749 seconds.
  path: Assets/VolumetricLightBeam/Editor/Icons/VolumetricShadow_icon.png
  artifactKey: Guid(88e1a1651b6b6994b8c93fb42aec5383) Importer(815301076,1909f56bfc062723c751e8b465ee728b)
Start importing Assets/VolumetricLightBeam/Editor/Icons/VolumetricShadow_icon.png using Guid(88e1a1651b6b6994b8c93fb42aec5383) Importer(815301076,1909f56bfc062723c751e8b465ee728b)  -> (artifact id: 'fbddf10a31ebd42de8d41d977a076275') in 0.012794 seconds
Number of updated asset objects reloaded before import = 0
Number of asset objects unloaded after import = 2
========================================================================
Received Import Request.
  Time since last request: 212.661108 seconds.
  path: Assets/!cumple/01- Multi Color Pennant Banner/model.obj
  artifactKey: Guid(32aff5d551ac4c84798326ccd02152c5) Importer(815301076,1909f56bfc062723c751e8b465ee728b)
Start importing Assets/!cumple/01- Multi Color Pennant Banner/model.obj using Guid(32aff5d551ac4c84798326ccd02152c5) Importer(815301076,1909f56bfc062723c751e8b465ee728b)  -> (artifact id: '9713bc4484f5069023cc1237f874c69c') in 0.045974 seconds
Number of updated asset objects reloaded before import = 0
Number of asset objects unloaded after import = 16
========================================================================
Received Import Request.
  Time since last request: 10.762021 seconds.
  path: Assets/!cumple/01- Multi Color Pennant Banner/model.obj
  artifactKey: Guid(32aff5d551ac4c84798326ccd02152c5) Importer(815301076,1909f56bfc062723c751e8b465ee728b)
Start importing Assets/!cumple/01- Multi Color Pennant Banner/model.obj using Guid(32aff5d551ac4c84798326ccd02152c5) Importer(815301076,1909f56bfc062723c751e8b465ee728b)  -> (artifact id: '573b0aeff059b6dc6bcb2b6d17203019') in 0.018218 seconds
Number of updated asset objects reloaded before import = 0
Number of asset objects unloaded after import = 16
========================================================================
Received Import Request.
  Time since last request: 2.155175 seconds.
  path: Assets/!cumple/01- Multi Color Pennant Banner/mats
  artifactKey: Guid(53dc68821efb9a74ca2d4152d94bd415) Importer(815301076,1909f56bfc062723c751e8b465ee728b)
Start importing Assets/!cumple/01- Multi Color Pennant Banner/mats using Guid(53dc68821efb9a74ca2d4152d94bd415) Importer(815301076,1909f56bfc062723c751e8b465ee728b)  -> (artifact id: '7869f1b6b914c6f35c3aa59c0e514cd2') in 0.000432 seconds
Number of updated asset objects reloaded before import = 0
Number of asset objects unloaded after import = 0
========================================================================
Received Import Request.
  Time since last request: 1.241843 seconds.
  path: Assets/!cumple/01- Multi Color Pennant Banner/mats/Material.001.mat
  artifactKey: Guid(ce0cdec6754613045bbc28a34bcc337f) Importer(815301076,1909f56bfc062723c751e8b465ee728b)
Start importing Assets/!cumple/01- Multi Color Pennant Banner/mats/Material.001.mat using Guid(ce0cdec6754613045bbc28a34bcc337f) Importer(815301076,1909f56bfc062723c751e8b465ee728b)  -> (artifact id: 'cda3b1a246ee5d246d4206cacb1db5c8') in 0.013877 seconds
Number of updated asset objects reloaded before import = 0
Number of asset objects unloaded after import = 1
========================================================================
Received Import Request.
  Time since last request: 0.000015 seconds.
  path: Assets/!cumple/01- Multi Color Pennant Banner/mats/object_0.mat
  artifactKey: Guid(3c6ca16b9502a4540800124160d7733e) Importer(815301076,1909f56bfc062723c751e8b465ee728b)
Start importing Assets/!cumple/01- Multi Color Pennant Banner/mats/object_0.mat using Guid(3c6ca16b9502a4540800124160d7733e) Importer(815301076,1909f56bfc062723c751e8b465ee728b)  -> (artifact id: '4358c82b676367a3569b4b35f11beedc') in 0.011363 seconds
Number of updated asset objects reloaded before import = 0
Number of asset objects unloaded after import = 1
========================================================================
Received Import Request.
  Time since last request: 0.000017 seconds.
  path: Assets/!cumple/01- Multi Color Pennant Banner/mats/Material.004.mat
  artifactKey: Guid(177b1111898a0a44da8c3ad4098e7cc1) Importer(815301076,1909f56bfc062723c751e8b465ee728b)
Start importing Assets/!cumple/01- Multi Color Pennant Banner/mats/Material.004.mat using Guid(177b1111898a0a44da8c3ad4098e7cc1) Importer(815301076,1909f56bfc062723c751e8b465ee728b)  -> (artifact id: '5177627d36a45b948b903a398499b290') in 0.011458 seconds
Number of updated asset objects reloaded before import = 0
Number of asset objects unloaded after import = 1
========================================================================
Received Import Request.
  Time since last request: 37.182027 seconds.
  path: Assets/!cumple/01- Multi Color Pennant Banner/mats/Material.001.mat
  artifactKey: Guid(ce0cdec6754613045bbc28a34bcc337f) Importer(815301076,1909f56bfc062723c751e8b465ee728b)
Start importing Assets/!cumple/01- Multi Color Pennant Banner/mats/Material.001.mat using Guid(ce0cdec6754613045bbc28a34bcc337f) Importer(815301076,1909f56bfc062723c751e8b465ee728b)  -> (artifact id: '44d0bbb34bcfd23aef30539b4d386eaa') in 0.011381 seconds
Number of updated asset objects reloaded before import = 0
Number of asset objects unloaded after import = 1
========================================================================
Received Import Request.
  Time since last request: 0.000015 seconds.
  path: Assets/!cumple/01- Multi Color Pennant Banner/mats/Material.005.mat
  artifactKey: Guid(c2e5a521fd2d39242ba1d58370976af3) Importer(815301076,1909f56bfc062723c751e8b465ee728b)
Start importing Assets/!cumple/01- Multi Color Pennant Banner/mats/Material.005.mat using Guid(c2e5a521fd2d39242ba1d58370976af3) Importer(815301076,1909f56bfc062723c751e8b465ee728b)  -> (artifact id: '8957f208f3f4c2ddfab4ae9b26e68e3f') in 0.010946 seconds
Number of updated asset objects reloaded before import = 0
Number of asset objects unloaded after import = 1
========================================================================
Received Import Request.
  Time since last request: 17.048377 seconds.
  path: Assets/!cumple/01- Multi Color Pennant Banner/mats/object_0.mat
  artifactKey: Guid(3c6ca16b9502a4540800124160d7733e) Importer(815301076,1909f56bfc062723c751e8b465ee728b)
Start importing Assets/!cumple/01- Multi Color Pennant Banner/mats/object_0.mat using Guid(3c6ca16b9502a4540800124160d7733e) Importer(815301076,1909f56bfc062723c751e8b465ee728b)  -> (artifact id: '2aff8466138e4fc207d7567afc4e89e1') in 0.009794 seconds
Number of updated asset objects reloaded before import = 0
Number of asset objects unloaded after import = 1
========================================================================
Received Import Request.
  Time since last request: 16.253449 seconds.
  path: Assets/!cumple/01- Multi Color Pennant Banner/mats/Material.001.mat
  artifactKey: Guid(ce0cdec6754613045bbc28a34bcc337f) Importer(815301076,1909f56bfc062723c751e8b465ee728b)
Start importing Assets/!cumple/01- Multi Color Pennant Banner/mats/Material.001.mat using Guid(ce0cdec6754613045bbc28a34bcc337f) Importer(815301076,1909f56bfc062723c751e8b465ee728b)  -> (artifact id: 'eb72d77098e5cf434457a1ae781b192a') in 0.009651 seconds
Number of updated asset objects reloaded before import = 0
Number of asset objects unloaded after import = 1
========================================================================
Received Import Request.
  Time since last request: 0.000077 seconds.
  path: Assets/!cumple/01- Multi Color Pennant Banner/mats/object_0.mat
  artifactKey: Guid(3c6ca16b9502a4540800124160d7733e) Importer(815301076,1909f56bfc062723c751e8b465ee728b)
Start importing Assets/!cumple/01- Multi Color Pennant Banner/mats/object_0.mat using Guid(3c6ca16b9502a4540800124160d7733e) Importer(815301076,1909f56bfc062723c751e8b465ee728b)  -> (artifact id: '4181d3f2fdcd1a0cc6a936c85d5c2687') in 0.010584 seconds
Number of updated asset objects reloaded before import = 0
Number of asset objects unloaded after import = 1
========================================================================
Received Import Request.
  Time since last request: 20.763914 seconds.
  path: Assets/!cumple/Birthday.prefab
  artifactKey: Guid(7dc929fc53056b94eaad8d0e44b0e7c8) Importer(815301076,1909f56bfc062723c751e8b465ee728b)
Start importing Assets/!cumple/Birthday.prefab using Guid(7dc929fc53056b94eaad8d0e44b0e7c8) Importer(815301076,1909f56bfc062723c751e8b465ee728b)  -> (artifact id: '0176ca49b42af1cf089b760a60a479ea') in 0.044347 seconds
Number of updated asset objects reloaded before import = 0
Number of asset objects unloaded after import = 369
========================================================================
Received Import Request.
  Time since last request: 37.355298 seconds.
  path: Assets/!cumple/01- Colorful Balloons/model.mtl
  artifactKey: Guid(daeaf0bde26529d429eccb06cbd13b39) Importer(815301076,1909f56bfc062723c751e8b465ee728b)
Start importing Assets/!cumple/01- Colorful Balloons/model.mtl using Guid(daeaf0bde26529d429eccb06cbd13b39) Importer(815301076,1909f56bfc062723c751e8b465ee728b)  -> (artifact id: '35a99e9fc7caad7ce3ff174a1ea0d758') in 0.000989 seconds
Number of updated asset objects reloaded before import = 0
Number of asset objects unloaded after import = 1
========================================================================
Received Import Request.
  Time since last request: 0.003080 seconds.
  path: Assets/!cumple/candle/mats/Randje.mat
  artifactKey: Guid(dc6bd644093f73c478bc938af2751374) Importer(815301076,1909f56bfc062723c751e8b465ee728b)
Start importing Assets/!cumple/candle/mats/Randje.mat using Guid(dc6bd644093f73c478bc938af2751374) Importer(815301076,1909f56bfc062723c751e8b465ee728b)  -> (artifact id: 'd5d4ddab4c7ba46f281eb9f187767976') in 0.010132 seconds
Number of updated asset objects reloaded before import = 0
Number of asset objects unloaded after import = 1
========================================================================
Received Import Request.
  Time since last request: 0.002115 seconds.
  path: Assets/!cumple/Grimace Birthday Shake/Materials/Shake_opacity.mat
  artifactKey: Guid(e0ba31e1e55befd4fa1274f1c28d4d3c) Importer(815301076,1909f56bfc062723c751e8b465ee728b)
Start importing Assets/!cumple/Grimace Birthday Shake/Materials/Shake_opacity.mat using Guid(e0ba31e1e55befd4fa1274f1c28d4d3c) Importer(815301076,1909f56bfc062723c751e8b465ee728b)  -> (artifact id: '14c7af0a2489583ef0bbf89f6a9536cf') in 0.010276 seconds
Number of updated asset objects reloaded before import = 0
Number of asset objects unloaded after import = 2
========================================================================
Received Import Request.
  Time since last request: 0.003167 seconds.
  path: Assets/!cumple/Candel prefab/FBX
  artifactKey: Guid(eb651e7f8e4b769418352daf8403fca3) Importer(815301076,1909f56bfc062723c751e8b465ee728b)
Start importing Assets/!cumple/Candel prefab/FBX using Guid(eb651e7f8e4b769418352daf8403fca3) Importer(815301076,1909f56bfc062723c751e8b465ee728b)  -> (artifact id: 'c5bc8f29822711e349d60bb9b153a682') in 0.000455 seconds
Number of updated asset objects reloaded before import = 0
Number of asset objects unloaded after import = 0
========================================================================
Received Import Request.
  Time since last request: 0.001205 seconds.
  path: Assets/!cumple/01- Cake/Materials
  artifactKey: Guid(b00c7f554e02cb3498e1ee14579597f8) Importer(815301076,1909f56bfc062723c751e8b465ee728b)
Start importing Assets/!cumple/01- Cake/Materials using Guid(b00c7f554e02cb3498e1ee14579597f8) Importer(815301076,1909f56bfc062723c751e8b465ee728b)  -> (artifact id: '3dcbb0139591e84b7b3a8108d25a9320') in 0.000348 seconds
Number of updated asset objects reloaded before import = 0
Number of asset objects unloaded after import = 0
========================================================================
Received Import Request.
  Time since last request: 0.001914 seconds.
  path: Assets/!cumple/candle/mats/Voetje.mat
  artifactKey: Guid(6b6409e9a0e2add4ca84adba8a5090ef) Importer(815301076,1909f56bfc062723c751e8b465ee728b)
Start importing Assets/!cumple/candle/mats/Voetje.mat using Guid(6b6409e9a0e2add4ca84adba8a5090ef) Importer(815301076,1909f56bfc062723c751e8b465ee728b)  -> (artifact id: 'b81c14262f7dee28a12bb3b9c9919ce5') in 0.008487 seconds
Number of updated asset objects reloaded before import = 0
Number of asset objects unloaded after import = 1
========================================================================
Received Import Request.
  Time since last request: 0.019818 seconds.
  path: Assets/!cumple/01- Multi Color Pennant Banner/model.mtl
  artifactKey: Guid(f85a0a8ebc56d2c4393b3bfb47b813bc) Importer(815301076,1909f56bfc062723c751e8b465ee728b)
Start importing Assets/!cumple/01- Multi Color Pennant Banner/model.mtl using Guid(f85a0a8ebc56d2c4393b3bfb47b813bc) Importer(815301076,1909f56bfc062723c751e8b465ee728b)  -> (artifact id: 'b2ba5d22538919dfbf67e042081ef196') in 0.000709 seconds
Number of updated asset objects reloaded before import = 0
Number of asset objects unloaded after import = 1
========================================================================
Received Import Request.
  Time since last request: 0.014487 seconds.
  path: Assets/!cumple/01- Colorful Balloons/model.obj
  artifactKey: Guid(3a7dcdd1309eb3342b9995586e7a4cfc) Importer(815301076,1909f56bfc062723c751e8b465ee728b)
Start importing Assets/!cumple/01- Colorful Balloons/model.obj using Guid(3a7dcdd1309eb3342b9995586e7a4cfc) Importer(815301076,1909f56bfc062723c751e8b465ee728b)  -> (artifact id: '7d7c70ca4048aac3e1f009e2f6d52e3d') in 0.066606 seconds
Number of updated asset objects reloaded before import = 0
Number of asset objects unloaded after import = 58
========================================================================
Received Import Request.
  Time since last request: 0.001568 seconds.
  path: Assets/!cumple/Candel prefab/prefab/CandleFlame.prefab
  artifactKey: Guid(b2e38b5f037aaa54b854017c8fe41520) Importer(815301076,1909f56bfc062723c751e8b465ee728b)
Start importing Assets/!cumple/Candel prefab/prefab/CandleFlame.prefab using Guid(b2e38b5f037aaa54b854017c8fe41520) Importer(815301076,1909f56bfc062723c751e8b465ee728b)  -> (artifact id: 'aa31323427b5e64c95f65808d17f51ab') in 0.009695 seconds
Number of updated asset objects reloaded before import = 0
Number of asset objects unloaded after import = 8
========================================================================
Received Import Request.
  Time since last request: 0.001740 seconds.
  path: Assets/!cumple/Candel prefab/prefab/Candle.prefab
  artifactKey: Guid(26b1c5f415708fd4585a0ac09e465036) Importer(815301076,1909f56bfc062723c751e8b465ee728b)
Start importing Assets/!cumple/Candel prefab/prefab/Candle.prefab using Guid(26b1c5f415708fd4585a0ac09e465036) Importer(815301076,1909f56bfc062723c751e8b465ee728b)  -> (artifact id: '29c2337c557cb8c1ff8f54e8f66353af') in 0.114951 seconds
Number of updated asset objects reloaded before import = 0
Number of asset objects unloaded after import = 21
========================================================================
Received Import Request.
  Time since last request: 0.007633 seconds.
  path: Assets/!cumple/01- Cake/Standard-DoubleSided.shader
  artifactKey: Guid(57938e0831cd661468d07a6e97a4ec62) Importer(815301076,1909f56bfc062723c751e8b465ee728b)
Start importing Assets/!cumple/01- Cake/Standard-DoubleSided.shader using Guid(57938e0831cd661468d07a6e97a4ec62) Importer(815301076,1909f56bfc062723c751e8b465ee728b)  -> (artifact id: 'ebe94deb7c4d00e620f8381584ea6b20') in 0.000709 seconds
Number of updated asset objects reloaded before import = 0
Number of asset objects unloaded after import = 0
========================================================================
Received Import Request.
  Time since last request: 0.006210 seconds.
  path: Assets/!cumple/Grimace Birthday Shake/Materials
  artifactKey: Guid(006ab6de76b86db4294945d0736d34f2) Importer(815301076,1909f56bfc062723c751e8b465ee728b)
Start importing Assets/!cumple/Grimace Birthday Shake/Materials using Guid(006ab6de76b86db4294945d0736d34f2) Importer(815301076,1909f56bfc062723c751e8b465ee728b)  -> (artifact id: 'ee9b69b98a1a144c8ad9817d0f27d8cc') in 0.000391 seconds
Number of updated asset objects reloaded before import = 0
Number of asset objects unloaded after import = 0
========================================================================
Received Import Request.
  Time since last request: 0.015235 seconds.
  path: Assets/!cumple/01- Multi Color Pennant Banner/model.obj
  artifactKey: Guid(32aff5d551ac4c84798326ccd02152c5) Importer(815301076,1909f56bfc062723c751e8b465ee728b)
Start importing Assets/!cumple/01- Multi Color Pennant Banner/model.obj using Guid(32aff5d551ac4c84798326ccd02152c5) Importer(815301076,1909f56bfc062723c751e8b465ee728b)  -> (artifact id: '058b8b939ba6e0648a3720fc8adf569f') in 0.015514 seconds
Number of updated asset objects reloaded before import = 0
Number of asset objects unloaded after import = 16
========================================================================
Received Import Request.
  Time since last request: 0.001417 seconds.
  path: Assets/!cumple/01- Multi Color Pennant Banner/New Material.mat
  artifactKey: Guid(e1fe9a2f28d72fb4581515c53cca6ee6) Importer(815301076,1909f56bfc062723c751e8b465ee728b)
Start importing Assets/!cumple/01- Multi Color Pennant Banner/New Material.mat using Guid(e1fe9a2f28d72fb4581515c53cca6ee6) Importer(815301076,1909f56bfc062723c751e8b465ee728b)  -> (artifact id: '3051546f2436ea2043d7f616d5194b5c') in 0.010040 seconds
Number of updated asset objects reloaded before import = 0
Number of asset objects unloaded after import = 2
========================================================================
Received Import Request.
  Time since last request: 0.018948 seconds.
  path: Assets/!cumple/01- Cake/Materials/0_Strawberryleaf.mat
  artifactKey: Guid(56bd8cf754f37714bb399520b4fe6a39) Importer(815301076,1909f56bfc062723c751e8b465ee728b)
Start importing Assets/!cumple/01- Cake/Materials/0_Strawberryleaf.mat using Guid(56bd8cf754f37714bb399520b4fe6a39) Importer(815301076,1909f56bfc062723c751e8b465ee728b)  -> (artifact id: '8c3a070f6ae63734e94fad1cfc296ea6') in 0.011271 seconds
Number of updated asset objects reloaded before import = 0
Number of asset objects unloaded after import = 2
========================================================================
Received Import Request.
  Time since last request: 0.001529 seconds.
  path: Assets/!cumple/cake/model.mtl
  artifactKey: Guid(3d60428f27a524842a414658b7809c98) Importer(815301076,1909f56bfc062723c751e8b465ee728b)
Start importing Assets/!cumple/cake/model.mtl using Guid(3d60428f27a524842a414658b7809c98) Importer(815301076,1909f56bfc062723c751e8b465ee728b)  -> (artifact id: '25b5839c0b4a59e5e050b0d8d8322c39') in 0.000798 seconds
Number of updated asset objects reloaded before import = 0
Number of asset objects unloaded after import = 1
========================================================================
Received Import Request.
  Time since last request: 0.015441 seconds.
  path: Assets/!cumple/Grimace Birthday Shake/Materials/Shake_albedo.mat
  artifactKey: Guid(74c3be0bc10dd7845bc47081ed63fe2b) Importer(815301076,1909f56bfc062723c751e8b465ee728b)
Start importing Assets/!cumple/Grimace Birthday Shake/Materials/Shake_albedo.mat using Guid(74c3be0bc10dd7845bc47081ed63fe2b) Importer(815301076,1909f56bfc062723c751e8b465ee728b)  -> (artifact id: '3ebab12e4129e216a4b2e1a06b9d3983') in 0.010460 seconds
Number of updated asset objects reloaded before import = 0
Number of asset objects unloaded after import = 2
========================================================================
Received Import Request.
  Time since last request: 0.006512 seconds.
  path: Assets/!cumple/Candel prefab/FBX/Candle.fbx
  artifactKey: Guid(98911fd3d7a8d654c8867656325f9486) Importer(815301076,1909f56bfc062723c751e8b465ee728b)
Start importing Assets/!cumple/Candel prefab/FBX/Candle.fbx using Guid(98911fd3d7a8d654c8867656325f9486) Importer(815301076,1909f56bfc062723c751e8b465ee728b)  -> (artifact id: '89dab1590fd9a25aa4a8f49e403e43e9') in 0.014099 seconds
Number of updated asset objects reloaded before import = 0
Number of asset objects unloaded after import = 8
========================================================================
Received Import Request.
  Time since last request: 0.024082 seconds.
  path: Assets/!cumple/01- Cake/Materials/1_cake_albedo.mat
  artifactKey: Guid(7f35d8342074b5241bb64b2d4ddf0d07) Importer(815301076,1909f56bfc062723c751e8b465ee728b)
Start importing Assets/!cumple/01- Cake/Materials/1_cake_albedo.mat using Guid(7f35d8342074b5241bb64b2d4ddf0d07) Importer(815301076,1909f56bfc062723c751e8b465ee728b)  -> (artifact id: '605dc2342b42233d4b698ec3b9294364') in 0.011026 seconds
Number of updated asset objects reloaded before import = 0
Number of asset objects unloaded after import = 3
========================================================================
Received Import Request.
  Time since last request: 0.004031 seconds.
  path: Assets/!cumple/cake/model.obj
  artifactKey: Guid(cceea7ab06e0b7a45b4d36497054dca9) Importer(815301076,1909f56bfc062723c751e8b465ee728b)
Start importing Assets/!cumple/cake/model.obj using Guid(cceea7ab06e0b7a45b4d36497054dca9) Importer(815301076,1909f56bfc062723c751e8b465ee728b)  -> (artifact id: '5e1e02f7940c269869a10acf3e99751e') in 0.031818 seconds
Number of updated asset objects reloaded before import = 0
Number of asset objects unloaded after import = 20
========================================================================
Received Import Request.
  Time since last request: 0.016183 seconds.
  path: Assets/!cumple/candle/mats
  artifactKey: Guid(25c928103af78374cba2989629db0a0e) Importer(815301076,1909f56bfc062723c751e8b465ee728b)
Start importing Assets/!cumple/candle/mats using Guid(25c928103af78374cba2989629db0a0e) Importer(815301076,1909f56bfc062723c751e8b465ee728b)  -> (artifact id: '47c22ab158d2fc05153252d91e8c5185') in 0.000518 seconds
Number of updated asset objects reloaded before import = 0
Number of asset objects unloaded after import = 0
========================================================================
Received Import Request.
  Time since last request: 0.001053 seconds.
  path: Assets/!cumple/Candel prefab/texture
  artifactKey: Guid(335e4fa2f0c2da04cb9ee4da11665305) Importer(815301076,1909f56bfc062723c751e8b465ee728b)
Start importing Assets/!cumple/Candel prefab/texture using Guid(335e4fa2f0c2da04cb9ee4da11665305) Importer(815301076,1909f56bfc062723c751e8b465ee728b)  -> (artifact id: 'bfa8e32147be1c7e6f03acd291ba45ab') in 0.000432 seconds
Number of updated asset objects reloaded before import = 0
Number of asset objects unloaded after import = 0
========================================================================
Received Import Request.
  Time since last request: 0.004804 seconds.
  path: Assets/!cumple/candle/mats/Kaars1.mat
  artifactKey: Guid(5915bb8c1f4f28f45afa62f9fb7091db) Importer(815301076,1909f56bfc062723c751e8b465ee728b)
Start importing Assets/!cumple/candle/mats/Kaars1.mat using Guid(5915bb8c1f4f28f45afa62f9fb7091db) Importer(815301076,1909f56bfc062723c751e8b465ee728b)  -> (artifact id: '9bafdcc7eafbca043a96bca71ef24039') in 0.008498 seconds
Number of updated asset objects reloaded before import = 0
Number of asset objects unloaded after import = 1
========================================================================
Received Import Request.
  Time since last request: 0.019745 seconds.
  path: Assets/!cumple/01- Cake/model.mtl
  artifactKey: Guid(76d5f674ffba2814d920edc78d01b382) Importer(815301076,1909f56bfc062723c751e8b465ee728b)
Start importing Assets/!cumple/01- Cake/model.mtl using Guid(76d5f674ffba2814d920edc78d01b382) Importer(815301076,1909f56bfc062723c751e8b465ee728b)  -> (artifact id: 'aafea0ebba8aba25a460d78f01fe8cba') in 0.000716 seconds
Number of updated asset objects reloaded before import = 0
Number of asset objects unloaded after import = 1
========================================================================
Received Import Request.
  Time since last request: 0.003029 seconds.
  path: Assets/!cumple/02- Balloon Numbers Blue/model.mtl
  artifactKey: Guid(df988ecb7bc1de64aa1ba6ee8ea62919) Importer(815301076,1909f56bfc062723c751e8b465ee728b)
Start importing Assets/!cumple/02- Balloon Numbers Blue/model.mtl using Guid(df988ecb7bc1de64aa1ba6ee8ea62919) Importer(815301076,1909f56bfc062723c751e8b465ee728b)  -> (artifact id: '74e8807550af9053b276dd778feb08ba') in 0.000686 seconds
Number of updated asset objects reloaded before import = 0
Number of asset objects unloaded after import = 1
========================================================================
Received Import Request.
  Time since last request: 0.024266 seconds.
  path: Assets/!cumple/01- Balloon Alphabet Green/model.mtl
  artifactKey: Guid(724ee3313fa20b447801472e8883ab47) Importer(815301076,1909f56bfc062723c751e8b465ee728b)
Start importing Assets/!cumple/01- Balloon Alphabet Green/model.mtl using Guid(724ee3313fa20b447801472e8883ab47) Importer(815301076,1909f56bfc062723c751e8b465ee728b)  -> (artifact id: 'c8818fe7a0606afb3f6fb5525e71afe5') in 0.000703 seconds
Number of updated asset objects reloaded before import = 0
Number of asset objects unloaded after import = 1
